[2024-11-19T14:48:15.068+0000] {processor.py:186} INFO - Started process (PID=1272) to work on /opt/airflow/dags/dag.py
[2024-11-19T14:48:15.072+0000] {processor.py:914} INFO - Processing file /opt/airflow/dags/dag.py for tasks to queue
[2024-11-19T14:48:15.075+0000] {logging_mixin.py:190} INFO - [2024-11-19T14:48:15.075+0000] {dagbag.py:588} INFO - Filling up the DagBag from /opt/airflow/dags/dag.py
[2024-11-19T14:48:15.144+0000] {logging_mixin.py:190} INFO - [2024-11-19T14:48:15.090+0000] {dagbag.py:387} ERROR - Failed to import: /opt/airflow/dags/dag.py
Traceback (most recent call last):
  File "/home/airflow/.local/lib/python3.12/site-packages/airflow/models/dagbag.py", line 383, in parse
    loader.exec_module(new_module)
  File "<frozen importlib._bootstrap_external>", line 995, in exec_module
  File "<frozen importlib._bootstrap>", line 488, in _call_with_frames_removed
  File "/opt/airflow/dags/dag.py", line 13, in <module>
    dag = DAG(
          ^^^^
TypeError: DAG.__init__() got an unexpected keyword argument 'decription'
[2024-11-19T14:48:15.155+0000] {processor.py:927} WARNING - No viable dags retrieved from /opt/airflow/dags/dag.py
[2024-11-19T14:48:15.260+0000] {processor.py:208} INFO - Processing /opt/airflow/dags/dag.py took 0.219 seconds
[2024-11-19T14:48:28.277+0000] {processor.py:186} INFO - Started process (PID=1311) to work on /opt/airflow/dags/dag.py
[2024-11-19T14:48:28.278+0000] {processor.py:914} INFO - Processing file /opt/airflow/dags/dag.py for tasks to queue
[2024-11-19T14:48:28.281+0000] {logging_mixin.py:190} INFO - [2024-11-19T14:48:28.281+0000] {dagbag.py:588} INFO - Filling up the DagBag from /opt/airflow/dags/dag.py
[2024-11-19T14:48:28.302+0000] {logging_mixin.py:190} INFO - [2024-11-19T14:48:28.299+0000] {dagbag.py:387} ERROR - Failed to import: /opt/airflow/dags/dag.py
Traceback (most recent call last):
  File "/home/airflow/.local/lib/python3.12/site-packages/airflow/models/dagbag.py", line 383, in parse
    loader.exec_module(new_module)
  File "<frozen importlib._bootstrap_external>", line 995, in exec_module
  File "<frozen importlib._bootstrap>", line 488, in _call_with_frames_removed
  File "/opt/airflow/dags/dag.py", line 13, in <module>
    dag = DAG(
          ^^^^
TypeError: DAG.__init__() got an unexpected keyword argument 'decription'
[2024-11-19T14:48:28.303+0000] {processor.py:927} WARNING - No viable dags retrieved from /opt/airflow/dags/dag.py
[2024-11-19T14:48:28.358+0000] {processor.py:208} INFO - Processing /opt/airflow/dags/dag.py took 0.102 seconds
[2024-11-19T14:48:29.418+0000] {processor.py:186} INFO - Started process (PID=1312) to work on /opt/airflow/dags/dag.py
[2024-11-19T14:48:29.419+0000] {processor.py:914} INFO - Processing file /opt/airflow/dags/dag.py for tasks to queue
[2024-11-19T14:48:29.421+0000] {logging_mixin.py:190} INFO - [2024-11-19T14:48:29.420+0000] {dagbag.py:588} INFO - Filling up the DagBag from /opt/airflow/dags/dag.py
[2024-11-19T14:48:29.427+0000] {logging_mixin.py:190} INFO - [2024-11-19T14:48:29.425+0000] {dagbag.py:387} ERROR - Failed to import: /opt/airflow/dags/dag.py
Traceback (most recent call last):
  File "/home/airflow/.local/lib/python3.12/site-packages/airflow/models/dagbag.py", line 383, in parse
    loader.exec_module(new_module)
  File "<frozen importlib._bootstrap_external>", line 995, in exec_module
  File "<frozen importlib._bootstrap>", line 488, in _call_with_frames_removed
  File "/opt/airflow/dags/dag.py", line 13, in <module>
    dag = DAG(
          ^^^^
TypeError: DAG.__init__() got an unexpected keyword argument 'decription'
[2024-11-19T14:48:29.427+0000] {processor.py:927} WARNING - No viable dags retrieved from /opt/airflow/dags/dag.py
[2024-11-19T14:48:29.445+0000] {processor.py:208} INFO - Processing /opt/airflow/dags/dag.py took 0.047 seconds
[2024-11-19T14:48:34.916+0000] {processor.py:186} INFO - Started process (PID=1334) to work on /opt/airflow/dags/dag.py
[2024-11-19T14:48:34.916+0000] {processor.py:914} INFO - Processing file /opt/airflow/dags/dag.py for tasks to queue
[2024-11-19T14:48:34.917+0000] {logging_mixin.py:190} INFO - [2024-11-19T14:48:34.917+0000] {dagbag.py:588} INFO - Filling up the DagBag from /opt/airflow/dags/dag.py
[2024-11-19T14:48:34.925+0000] {logging_mixin.py:190} INFO - [2024-11-19T14:48:34.923+0000] {dagbag.py:387} ERROR - Failed to import: /opt/airflow/dags/dag.py
Traceback (most recent call last):
  File "/home/airflow/.local/lib/python3.12/site-packages/airflow/models/dagbag.py", line 383, in parse
    loader.exec_module(new_module)
  File "<frozen importlib._bootstrap_external>", line 995, in exec_module
  File "<frozen importlib._bootstrap>", line 488, in _call_with_frames_removed
  File "/opt/airflow/dags/dag.py", line 13, in <module>
    dag = DAG(
          ^^^^
TypeError: DAG.__init__() got an unexpected keyword argument 'decription'
[2024-11-19T14:48:34.925+0000] {processor.py:927} WARNING - No viable dags retrieved from /opt/airflow/dags/dag.py
[2024-11-19T14:48:34.941+0000] {processor.py:208} INFO - Processing /opt/airflow/dags/dag.py took 0.028 seconds
[2024-11-19T14:48:42.143+0000] {processor.py:186} INFO - Started process (PID=1336) to work on /opt/airflow/dags/dag.py
[2024-11-19T14:48:42.146+0000] {processor.py:914} INFO - Processing file /opt/airflow/dags/dag.py for tasks to queue
[2024-11-19T14:48:42.148+0000] {logging_mixin.py:190} INFO - [2024-11-19T14:48:42.147+0000] {dagbag.py:588} INFO - Filling up the DagBag from /opt/airflow/dags/dag.py
[2024-11-19T14:48:42.156+0000] {logging_mixin.py:190} INFO - [2024-11-19T14:48:42.155+0000] {dagbag.py:387} ERROR - Failed to import: /opt/airflow/dags/dag.py
Traceback (most recent call last):
  File "/home/airflow/.local/lib/python3.12/site-packages/airflow/models/dagbag.py", line 383, in parse
    loader.exec_module(new_module)
  File "<frozen importlib._bootstrap_external>", line 995, in exec_module
  File "<frozen importlib._bootstrap>", line 488, in _call_with_frames_removed
  File "/opt/airflow/dags/dag.py", line 13, in <module>
    dag = DAG(
          ^^^^
TypeError: DAG.__init__() got an unexpected keyword argument 'decription'
[2024-11-19T14:48:42.157+0000] {processor.py:927} WARNING - No viable dags retrieved from /opt/airflow/dags/dag.py
[2024-11-19T14:48:42.193+0000] {processor.py:208} INFO - Processing /opt/airflow/dags/dag.py took 0.064 seconds
[2024-11-19T14:49:11.828+0000] {processor.py:186} INFO - Started process (PID=1400) to work on /opt/airflow/dags/dag.py
[2024-11-19T14:49:11.830+0000] {processor.py:914} INFO - Processing file /opt/airflow/dags/dag.py for tasks to queue
[2024-11-19T14:49:11.832+0000] {logging_mixin.py:190} INFO - [2024-11-19T14:49:11.831+0000] {dagbag.py:588} INFO - Filling up the DagBag from /opt/airflow/dags/dag.py
[2024-11-19T14:49:11.847+0000] {logging_mixin.py:190} INFO - [2024-11-19T14:49:11.842+0000] {dagbag.py:387} ERROR - Failed to import: /opt/airflow/dags/dag.py
Traceback (most recent call last):
  File "/home/airflow/.local/lib/python3.12/site-packages/airflow/models/dagbag.py", line 383, in parse
    loader.exec_module(new_module)
  File "<frozen importlib._bootstrap_external>", line 995, in exec_module
  File "<frozen importlib._bootstrap>", line 488, in _call_with_frames_removed
  File "/opt/airflow/dags/dag.py", line 13, in <module>
    dag = DAG(
          ^^^^
TypeError: DAG.__init__() got an unexpected keyword argument 'decription'
[2024-11-19T14:49:11.848+0000] {processor.py:927} WARNING - No viable dags retrieved from /opt/airflow/dags/dag.py
[2024-11-19T14:49:11.886+0000] {processor.py:208} INFO - Processing /opt/airflow/dags/dag.py took 0.069 seconds
[2024-11-19T14:49:20.122+0000] {processor.py:186} INFO - Started process (PID=1402) to work on /opt/airflow/dags/dag.py
[2024-11-19T14:49:20.124+0000] {processor.py:914} INFO - Processing file /opt/airflow/dags/dag.py for tasks to queue
[2024-11-19T14:49:20.126+0000] {logging_mixin.py:190} INFO - [2024-11-19T14:49:20.126+0000] {dagbag.py:588} INFO - Filling up the DagBag from /opt/airflow/dags/dag.py
[2024-11-19T14:49:20.161+0000] {logging_mixin.py:190} INFO - [2024-11-19T14:49:20.154+0000] {dagbag.py:484} ERROR - Failed to bag_dag: /opt/airflow/dags/dag.py
Traceback (most recent call last):
  File "/home/airflow/.local/lib/python3.12/site-packages/croniter/croniter.py", line 284, in _alphaconv
    return cls.ALPHACONV[index][key]
           ~~~~~~~~~~~~~~~~~~~~^^^^^
KeyError: '/2'

During handling of the above exception, another exception occurred:

Traceback (most recent call last):
  File "/home/airflow/.local/lib/python3.12/site-packages/airflow/timetables/_cron.py", line 102, in validate
    croniter(self._expression)
  File "/home/airflow/.local/lib/python3.12/site-packages/croniter/croniter.py", line 271, in __init__
    self.expanded, self.nth_weekday_of_month = self.expand(
                                               ^^^^^^^^^^^^
  File "/home/airflow/.local/lib/python3.12/site-packages/croniter/croniter.py", line 1032, in expand
    return cls._expand(expr_format, hash_id=hash_id,
           ^^^^^^^^^^^^^^^^^^^^^^^^^^^^^^^^^^^^^^^^^
  File "/home/airflow/.local/lib/python3.12/site-packages/croniter/croniter.py", line 973, in _expand
    t = cls._alphaconv(i, t, expressions)
        ^^^^^^^^^^^^^^^^^^^^^^^^^^^^^^^^^
  File "/home/airflow/.local/lib/python3.12/site-packages/croniter/croniter.py", line 286, in _alphaconv
    raise CroniterNotAlphaError(
croniter.croniter.CroniterNotAlphaError: [/2 * * * *] is not acceptable

During handling of the above exception, another exception occurred:

Traceback (most recent call last):
  File "/home/airflow/.local/lib/python3.12/site-packages/airflow/models/dagbag.py", line 479, in _process_modules
    dag.validate()
  File "/home/airflow/.local/lib/python3.12/site-packages/airflow/models/dag.py", line 845, in validate
    self.timetable.validate()
  File "/home/airflow/.local/lib/python3.12/site-packages/airflow/timetables/_cron.py", line 104, in validate
    raise AirflowTimetableInvalid(str(e))
airflow.exceptions.AirflowTimetableInvalid: [/2 * * * *] is not acceptable
[2024-11-19T14:49:20.162+0000] {processor.py:927} WARNING - No viable dags retrieved from /opt/airflow/dags/dag.py
[2024-11-19T14:49:20.256+0000] {processor.py:208} INFO - Processing /opt/airflow/dags/dag.py took 0.147 seconds
[2024-11-19T14:49:26.181+0000] {processor.py:186} INFO - Started process (PID=1421) to work on /opt/airflow/dags/dag.py
[2024-11-19T14:49:26.185+0000] {processor.py:914} INFO - Processing file /opt/airflow/dags/dag.py for tasks to queue
[2024-11-19T14:49:26.188+0000] {logging_mixin.py:190} INFO - [2024-11-19T14:49:26.187+0000] {dagbag.py:588} INFO - Filling up the DagBag from /opt/airflow/dags/dag.py
[2024-11-19T14:49:26.385+0000] {logging_mixin.py:190} INFO - [2024-11-19T14:49:26.345+0000] {dagbag.py:484} ERROR - Failed to bag_dag: /opt/airflow/dags/dag.py
Traceback (most recent call last):
  File "/home/airflow/.local/lib/python3.12/site-packages/croniter/croniter.py", line 284, in _alphaconv
    return cls.ALPHACONV[index][key]
           ~~~~~~~~~~~~~~~~~~~~^^^^^
KeyError: '/2'

During handling of the above exception, another exception occurred:

Traceback (most recent call last):
  File "/home/airflow/.local/lib/python3.12/site-packages/airflow/timetables/_cron.py", line 102, in validate
    croniter(self._expression)
  File "/home/airflow/.local/lib/python3.12/site-packages/croniter/croniter.py", line 271, in __init__
    self.expanded, self.nth_weekday_of_month = self.expand(
                                               ^^^^^^^^^^^^
  File "/home/airflow/.local/lib/python3.12/site-packages/croniter/croniter.py", line 1032, in expand
    return cls._expand(expr_format, hash_id=hash_id,
           ^^^^^^^^^^^^^^^^^^^^^^^^^^^^^^^^^^^^^^^^^
  File "/home/airflow/.local/lib/python3.12/site-packages/croniter/croniter.py", line 973, in _expand
    t = cls._alphaconv(i, t, expressions)
        ^^^^^^^^^^^^^^^^^^^^^^^^^^^^^^^^^
  File "/home/airflow/.local/lib/python3.12/site-packages/croniter/croniter.py", line 286, in _alphaconv
    raise CroniterNotAlphaError(
croniter.croniter.CroniterNotAlphaError: [/2 * * * *] is not acceptable

During handling of the above exception, another exception occurred:

Traceback (most recent call last):
  File "/home/airflow/.local/lib/python3.12/site-packages/airflow/models/dagbag.py", line 479, in _process_modules
    dag.validate()
  File "/home/airflow/.local/lib/python3.12/site-packages/airflow/models/dag.py", line 845, in validate
    self.timetable.validate()
  File "/home/airflow/.local/lib/python3.12/site-packages/airflow/timetables/_cron.py", line 104, in validate
    raise AirflowTimetableInvalid(str(e))
airflow.exceptions.AirflowTimetableInvalid: [/2 * * * *] is not acceptable
[2024-11-19T14:49:26.386+0000] {processor.py:927} WARNING - No viable dags retrieved from /opt/airflow/dags/dag.py
[2024-11-19T14:49:26.635+0000] {processor.py:208} INFO - Processing /opt/airflow/dags/dag.py took 0.500 seconds
[2024-11-19T14:49:48.382+0000] {processor.py:186} INFO - Started process (PID=1467) to work on /opt/airflow/dags/dag.py
[2024-11-19T14:49:49.095+0000] {processor.py:914} INFO - Processing file /opt/airflow/dags/dag.py for tasks to queue
[2024-11-19T14:49:49.114+0000] {logging_mixin.py:190} INFO - [2024-11-19T14:49:49.110+0000] {dagbag.py:588} INFO - Filling up the DagBag from /opt/airflow/dags/dag.py
[2024-11-19T14:49:49.319+0000] {logging_mixin.py:190} INFO - [2024-11-19T14:49:49.270+0000] {dagbag.py:484} ERROR - Failed to bag_dag: /opt/airflow/dags/dag.py
Traceback (most recent call last):
  File "/home/airflow/.local/lib/python3.12/site-packages/croniter/croniter.py", line 284, in _alphaconv
    return cls.ALPHACONV[index][key]
           ~~~~~~~~~~~~~~~~~~~~^^^^^
KeyError: '/5'

During handling of the above exception, another exception occurred:

Traceback (most recent call last):
  File "/home/airflow/.local/lib/python3.12/site-packages/airflow/timetables/_cron.py", line 102, in validate
    croniter(self._expression)
  File "/home/airflow/.local/lib/python3.12/site-packages/croniter/croniter.py", line 271, in __init__
    self.expanded, self.nth_weekday_of_month = self.expand(
                                               ^^^^^^^^^^^^
  File "/home/airflow/.local/lib/python3.12/site-packages/croniter/croniter.py", line 1032, in expand
    return cls._expand(expr_format, hash_id=hash_id,
           ^^^^^^^^^^^^^^^^^^^^^^^^^^^^^^^^^^^^^^^^^
  File "/home/airflow/.local/lib/python3.12/site-packages/croniter/croniter.py", line 973, in _expand
    t = cls._alphaconv(i, t, expressions)
        ^^^^^^^^^^^^^^^^^^^^^^^^^^^^^^^^^
  File "/home/airflow/.local/lib/python3.12/site-packages/croniter/croniter.py", line 286, in _alphaconv
    raise CroniterNotAlphaError(
croniter.croniter.CroniterNotAlphaError: [/5 * * * *] is not acceptable

During handling of the above exception, another exception occurred:

Traceback (most recent call last):
  File "/home/airflow/.local/lib/python3.12/site-packages/airflow/models/dagbag.py", line 479, in _process_modules
    dag.validate()
  File "/home/airflow/.local/lib/python3.12/site-packages/airflow/models/dag.py", line 845, in validate
    self.timetable.validate()
  File "/home/airflow/.local/lib/python3.12/site-packages/airflow/timetables/_cron.py", line 104, in validate
    raise AirflowTimetableInvalid(str(e))
airflow.exceptions.AirflowTimetableInvalid: [/5 * * * *] is not acceptable
[2024-11-19T14:49:49.320+0000] {processor.py:927} WARNING - No viable dags retrieved from /opt/airflow/dags/dag.py
[2024-11-19T14:49:49.715+0000] {processor.py:208} INFO - Processing /opt/airflow/dags/dag.py took 1.408 seconds
[2024-11-19T14:50:13.724+0000] {processor.py:186} INFO - Started process (PID=1530) to work on /opt/airflow/dags/dag.py
[2024-11-19T14:50:13.731+0000] {processor.py:914} INFO - Processing file /opt/airflow/dags/dag.py for tasks to queue
[2024-11-19T14:50:13.752+0000] {logging_mixin.py:190} INFO - [2024-11-19T14:50:13.747+0000] {dagbag.py:588} INFO - Filling up the DagBag from /opt/airflow/dags/dag.py
[2024-11-19T14:50:13.888+0000] {processor.py:925} INFO - DAG(s) 'fetch_and_store_amazon_books' retrieved from /opt/airflow/dags/dag.py
[2024-11-19T14:50:14.328+0000] {logging_mixin.py:190} INFO - [2024-11-19T14:50:14.320+0000] {override.py:1911} INFO - Created Permission View: can delete on DAG:fetch_and_store_amazon_books
[2024-11-19T14:50:14.336+0000] {logging_mixin.py:190} INFO - [2024-11-19T14:50:14.336+0000] {override.py:1911} INFO - Created Permission View: can edit on DAG:fetch_and_store_amazon_books
[2024-11-19T14:50:14.340+0000] {logging_mixin.py:190} INFO - [2024-11-19T14:50:14.340+0000] {override.py:1911} INFO - Created Permission View: can read on DAG:fetch_and_store_amazon_books
[2024-11-19T14:50:14.344+0000] {logging_mixin.py:190} INFO - [2024-11-19T14:50:14.343+0000] {override.py:1911} INFO - Created Permission View: menu access on DAG Run:fetch_and_store_amazon_books
[2024-11-19T14:50:14.346+0000] {logging_mixin.py:190} INFO - [2024-11-19T14:50:14.346+0000] {override.py:1911} INFO - Created Permission View: can create on DAG Run:fetch_and_store_amazon_books
[2024-11-19T14:50:14.348+0000] {logging_mixin.py:190} INFO - [2024-11-19T14:50:14.348+0000] {override.py:1911} INFO - Created Permission View: can delete on DAG Run:fetch_and_store_amazon_books
[2024-11-19T14:50:14.350+0000] {logging_mixin.py:190} INFO - [2024-11-19T14:50:14.350+0000] {override.py:1911} INFO - Created Permission View: can read on DAG Run:fetch_and_store_amazon_books
[2024-11-19T14:50:14.351+0000] {logging_mixin.py:190} INFO - [2024-11-19T14:50:14.351+0000] {dag.py:3239} INFO - Sync 1 DAGs
[2024-11-19T14:50:14.367+0000] {logging_mixin.py:190} INFO - [2024-11-19T14:50:14.367+0000] {dag.py:3262} INFO - Creating ORM DAG for fetch_and_store_amazon_books
[2024-11-19T14:50:14.382+0000] {logging_mixin.py:190} INFO - [2024-11-19T14:50:14.381+0000] {dag.py:4180} INFO - Setting next_dagrun for fetch_and_store_amazon_books to None, run_after=None
[2024-11-19T14:50:14.398+0000] {processor.py:208} INFO - Processing /opt/airflow/dags/dag.py took 0.720 seconds
[2024-11-19T14:50:32.406+0000] {processor.py:186} INFO - Started process (PID=1540) to work on /opt/airflow/dags/dag.py
[2024-11-19T14:50:32.409+0000] {processor.py:914} INFO - Processing file /opt/airflow/dags/dag.py for tasks to queue
[2024-11-19T14:50:32.411+0000] {logging_mixin.py:190} INFO - [2024-11-19T14:50:32.411+0000] {dagbag.py:588} INFO - Filling up the DagBag from /opt/airflow/dags/dag.py
[2024-11-19T14:50:32.444+0000] {processor.py:925} INFO - DAG(s) 'fetch_and_store_amazon_books' retrieved from /opt/airflow/dags/dag.py
[2024-11-19T14:50:32.485+0000] {logging_mixin.py:190} INFO - [2024-11-19T14:50:32.485+0000] {dag.py:3239} INFO - Sync 1 DAGs
[2024-11-19T14:50:32.520+0000] {logging_mixin.py:190} INFO - [2024-11-19T14:50:32.520+0000] {dag.py:4180} INFO - Setting next_dagrun for fetch_and_store_amazon_books to None, run_after=None
[2024-11-19T14:50:32.552+0000] {processor.py:208} INFO - Processing /opt/airflow/dags/dag.py took 0.161 seconds
[2024-11-19T14:51:06.545+0000] {processor.py:186} INFO - Started process (PID=1604) to work on /opt/airflow/dags/dag.py
[2024-11-19T14:51:06.550+0000] {processor.py:914} INFO - Processing file /opt/airflow/dags/dag.py for tasks to queue
[2024-11-19T14:51:06.552+0000] {logging_mixin.py:190} INFO - [2024-11-19T14:51:06.551+0000] {dagbag.py:588} INFO - Filling up the DagBag from /opt/airflow/dags/dag.py
[2024-11-19T14:51:06.582+0000] {processor.py:925} INFO - DAG(s) 'fetch_and_store_amazon_books' retrieved from /opt/airflow/dags/dag.py
[2024-11-19T14:51:06.828+0000] {logging_mixin.py:190} INFO - [2024-11-19T14:51:06.828+0000] {dag.py:3239} INFO - Sync 1 DAGs
[2024-11-19T14:51:06.858+0000] {logging_mixin.py:190} INFO - [2024-11-19T14:51:06.858+0000] {dag.py:4180} INFO - Setting next_dagrun for fetch_and_store_amazon_books to None, run_after=None
[2024-11-19T14:51:06.881+0000] {processor.py:208} INFO - Processing /opt/airflow/dags/dag.py took 0.344 seconds
[2024-11-19T14:51:16.243+0000] {processor.py:186} INFO - Started process (PID=1622) to work on /opt/airflow/dags/dag.py
[2024-11-19T14:51:16.244+0000] {processor.py:914} INFO - Processing file /opt/airflow/dags/dag.py for tasks to queue
[2024-11-19T14:51:16.246+0000] {logging_mixin.py:190} INFO - [2024-11-19T14:51:16.246+0000] {dagbag.py:588} INFO - Filling up the DagBag from /opt/airflow/dags/dag.py
[2024-11-19T14:51:16.259+0000] {processor.py:925} INFO - DAG(s) 'fetch_and_store_amazon_books' retrieved from /opt/airflow/dags/dag.py
[2024-11-19T14:51:16.271+0000] {logging_mixin.py:190} INFO - [2024-11-19T14:51:16.271+0000] {dag.py:3239} INFO - Sync 1 DAGs
[2024-11-19T14:51:16.305+0000] {logging_mixin.py:190} INFO - [2024-11-19T14:51:16.305+0000] {dag.py:4180} INFO - Setting next_dagrun for fetch_and_store_amazon_books to None, run_after=None
[2024-11-19T14:51:16.335+0000] {processor.py:208} INFO - Processing /opt/airflow/dags/dag.py took 0.097 seconds
[2024-11-19T14:51:24.771+0000] {processor.py:186} INFO - Started process (PID=1666) to work on /opt/airflow/dags/dag.py
[2024-11-19T14:51:24.773+0000] {processor.py:914} INFO - Processing file /opt/airflow/dags/dag.py for tasks to queue
[2024-11-19T14:51:24.775+0000] {logging_mixin.py:190} INFO - [2024-11-19T14:51:24.774+0000] {dagbag.py:588} INFO - Filling up the DagBag from /opt/airflow/dags/dag.py
[2024-11-19T14:51:24.860+0000] {processor.py:925} INFO - DAG(s) 'fetch_and_store_amazon_books' retrieved from /opt/airflow/dags/dag.py
[2024-11-19T14:51:24.899+0000] {logging_mixin.py:190} INFO - [2024-11-19T14:51:24.899+0000] {dag.py:3239} INFO - Sync 1 DAGs
[2024-11-19T14:51:24.981+0000] {logging_mixin.py:190} INFO - [2024-11-19T14:51:24.980+0000] {dag.py:4180} INFO - Setting next_dagrun for fetch_and_store_amazon_books to None, run_after=None
[2024-11-19T14:51:25.003+0000] {processor.py:208} INFO - Processing /opt/airflow/dags/dag.py took 0.247 seconds
[2024-11-19T14:51:35.996+0000] {processor.py:186} INFO - Started process (PID=1667) to work on /opt/airflow/dags/dag.py
[2024-11-19T14:51:35.998+0000] {processor.py:914} INFO - Processing file /opt/airflow/dags/dag.py for tasks to queue
[2024-11-19T14:51:35.999+0000] {logging_mixin.py:190} INFO - [2024-11-19T14:51:35.999+0000] {dagbag.py:588} INFO - Filling up the DagBag from /opt/airflow/dags/dag.py
[2024-11-19T14:51:36.007+0000] {logging_mixin.py:190} INFO - [2024-11-19T14:51:36.004+0000] {dagbag.py:387} ERROR - Failed to import: /opt/airflow/dags/dag.py
Traceback (most recent call last):
  File "/home/airflow/.local/lib/python3.12/site-packages/airflow/models/dagbag.py", line 383, in parse
    loader.exec_module(new_module)
  File "<frozen importlib._bootstrap_external>", line 991, in exec_module
  File "<frozen importlib._bootstrap_external>", line 1129, in get_code
  File "<frozen importlib._bootstrap_external>", line 1059, in source_to_code
  File "<frozen importlib._bootstrap>", line 488, in _call_with_frames_removed
  File "/opt/airflow/dags/dag.py", line 5
    from 
         ^
SyntaxError: invalid syntax
[2024-11-19T14:51:36.007+0000] {processor.py:927} WARNING - No viable dags retrieved from /opt/airflow/dags/dag.py
[2024-11-19T14:51:36.054+0000] {processor.py:208} INFO - Processing /opt/airflow/dags/dag.py took 0.068 seconds
[2024-11-19T14:51:38.972+0000] {processor.py:186} INFO - Started process (PID=1672) to work on /opt/airflow/dags/dag.py
[2024-11-19T14:51:38.973+0000] {processor.py:914} INFO - Processing file /opt/airflow/dags/dag.py for tasks to queue
[2024-11-19T14:51:38.974+0000] {logging_mixin.py:190} INFO - [2024-11-19T14:51:38.974+0000] {dagbag.py:588} INFO - Filling up the DagBag from /opt/airflow/dags/dag.py
[2024-11-19T14:51:38.979+0000] {logging_mixin.py:190} INFO - [2024-11-19T14:51:38.978+0000] {dagbag.py:387} ERROR - Failed to import: /opt/airflow/dags/dag.py
Traceback (most recent call last):
  File "/home/airflow/.local/lib/python3.12/site-packages/airflow/models/dagbag.py", line 383, in parse
    loader.exec_module(new_module)
  File "<frozen importlib._bootstrap_external>", line 991, in exec_module
  File "<frozen importlib._bootstrap_external>", line 1129, in get_code
  File "<frozen importlib._bootstrap_external>", line 1059, in source_to_code
  File "<frozen importlib._bootstrap>", line 488, in _call_with_frames_removed
  File "/opt/airflow/dags/dag.py", line 5
    from bs4 
             ^
SyntaxError: invalid syntax
[2024-11-19T14:51:38.981+0000] {processor.py:927} WARNING - No viable dags retrieved from /opt/airflow/dags/dag.py
[2024-11-19T14:51:38.999+0000] {processor.py:208} INFO - Processing /opt/airflow/dags/dag.py took 0.032 seconds
[2024-11-19T14:51:49.485+0000] {processor.py:186} INFO - Started process (PID=1697) to work on /opt/airflow/dags/dag.py
[2024-11-19T14:51:49.486+0000] {processor.py:914} INFO - Processing file /opt/airflow/dags/dag.py for tasks to queue
[2024-11-19T14:51:49.487+0000] {logging_mixin.py:190} INFO - [2024-11-19T14:51:49.487+0000] {dagbag.py:588} INFO - Filling up the DagBag from /opt/airflow/dags/dag.py
[2024-11-19T14:51:49.491+0000] {logging_mixin.py:190} INFO - [2024-11-19T14:51:49.490+0000] {dagbag.py:387} ERROR - Failed to import: /opt/airflow/dags/dag.py
Traceback (most recent call last):
  File "/home/airflow/.local/lib/python3.12/site-packages/airflow/models/dagbag.py", line 383, in parse
    loader.exec_module(new_module)
  File "<frozen importlib._bootstrap_external>", line 991, in exec_module
  File "<frozen importlib._bootstrap_external>", line 1129, in get_code
  File "<frozen importlib._bootstrap_external>", line 1059, in source_to_code
  File "<frozen importlib._bootstrap>", line 488, in _call_with_frames_removed
  File "/opt/airflow/dags/dag.py", line 8
    def get_amazon_data_
                        ^
SyntaxError: expected '('
[2024-11-19T14:51:49.491+0000] {processor.py:927} WARNING - No viable dags retrieved from /opt/airflow/dags/dag.py
[2024-11-19T14:51:49.505+0000] {processor.py:208} INFO - Processing /opt/airflow/dags/dag.py took 0.024 seconds
[2024-11-19T14:52:19.607+0000] {processor.py:186} INFO - Started process (PID=1759) to work on /opt/airflow/dags/dag.py
[2024-11-19T14:52:19.609+0000] {processor.py:914} INFO - Processing file /opt/airflow/dags/dag.py for tasks to queue
[2024-11-19T14:52:19.610+0000] {logging_mixin.py:190} INFO - [2024-11-19T14:52:19.609+0000] {dagbag.py:588} INFO - Filling up the DagBag from /opt/airflow/dags/dag.py
[2024-11-19T14:52:19.614+0000] {logging_mixin.py:190} INFO - [2024-11-19T14:52:19.613+0000] {dagbag.py:387} ERROR - Failed to import: /opt/airflow/dags/dag.py
Traceback (most recent call last):
  File "/home/airflow/.local/lib/python3.12/site-packages/airflow/models/dagbag.py", line 383, in parse
    loader.exec_module(new_module)
  File "<frozen importlib._bootstrap_external>", line 991, in exec_module
  File "<frozen importlib._bootstrap_external>", line 1129, in get_code
  File "<frozen importlib._bootstrap_external>", line 1059, in source_to_code
  File "<frozen importlib._bootstrap>", line 488, in _call_with_frames_removed
  File "/opt/airflow/dags/dag.py", line 8
    def get_amazon_data_
                        ^
SyntaxError: expected '('
[2024-11-19T14:52:19.615+0000] {processor.py:927} WARNING - No viable dags retrieved from /opt/airflow/dags/dag.py
[2024-11-19T14:52:19.631+0000] {processor.py:208} INFO - Processing /opt/airflow/dags/dag.py took 0.031 seconds
[2024-11-19T14:52:31.486+0000] {processor.py:186} INFO - Started process (PID=1797) to work on /opt/airflow/dags/dag.py
[2024-11-19T14:52:31.488+0000] {processor.py:914} INFO - Processing file /opt/airflow/dags/dag.py for tasks to queue
[2024-11-19T14:52:31.490+0000] {logging_mixin.py:190} INFO - [2024-11-19T14:52:31.489+0000] {dagbag.py:588} INFO - Filling up the DagBag from /opt/airflow/dags/dag.py
[2024-11-19T14:52:31.497+0000] {logging_mixin.py:190} INFO - [2024-11-19T14:52:31.495+0000] {dagbag.py:387} ERROR - Failed to import: /opt/airflow/dags/dag.py
Traceback (most recent call last):
  File "/home/airflow/.local/lib/python3.12/site-packages/airflow/models/dagbag.py", line 383, in parse
    loader.exec_module(new_module)
  File "<frozen importlib._bootstrap_external>", line 991, in exec_module
  File "<frozen importlib._bootstrap_external>", line 1129, in get_code
  File "<frozen importlib._bootstrap_external>", line 1059, in source_to_code
  File "<frozen importlib._bootstrap>", line 488, in _call_with_frames_removed
  File "/opt/airflow/dags/dag.py", line 8
    def get_amazon_data_books(num_books, ti)
                                            ^
SyntaxError: expected ':'
[2024-11-19T14:52:31.497+0000] {processor.py:927} WARNING - No viable dags retrieved from /opt/airflow/dags/dag.py
[2024-11-19T14:52:31.543+0000] {processor.py:208} INFO - Processing /opt/airflow/dags/dag.py took 0.082 seconds
[2024-11-19T14:52:34.591+0000] {processor.py:186} INFO - Started process (PID=1798) to work on /opt/airflow/dags/dag.py
[2024-11-19T14:52:34.595+0000] {processor.py:914} INFO - Processing file /opt/airflow/dags/dag.py for tasks to queue
[2024-11-19T14:52:34.597+0000] {logging_mixin.py:190} INFO - [2024-11-19T14:52:34.596+0000] {dagbag.py:588} INFO - Filling up the DagBag from /opt/airflow/dags/dag.py
[2024-11-19T14:52:34.603+0000] {logging_mixin.py:190} INFO - [2024-11-19T14:52:34.602+0000] {dagbag.py:387} ERROR - Failed to import: /opt/airflow/dags/dag.py
Traceback (most recent call last):
  File "/home/airflow/.local/lib/python3.12/site-packages/airflow/models/dagbag.py", line 383, in parse
    loader.exec_module(new_module)
  File "<frozen importlib._bootstrap_external>", line 991, in exec_module
  File "<frozen importlib._bootstrap_external>", line 1129, in get_code
  File "<frozen importlib._bootstrap_external>", line 1059, in source_to_code
  File "<frozen importlib._bootstrap>", line 488, in _call_with_frames_removed
  File "/opt/airflow/dags/dag.py", line 14
    default_args={
    ^^^^^^^^^^^^
IndentationError: expected an indented block after function definition on line 8
[2024-11-19T14:52:34.604+0000] {processor.py:927} WARNING - No viable dags retrieved from /opt/airflow/dags/dag.py
[2024-11-19T14:52:34.627+0000] {processor.py:208} INFO - Processing /opt/airflow/dags/dag.py took 0.073 seconds
[2024-11-19T14:52:38.765+0000] {processor.py:186} INFO - Started process (PID=1799) to work on /opt/airflow/dags/dag.py
[2024-11-19T14:52:38.767+0000] {processor.py:914} INFO - Processing file /opt/airflow/dags/dag.py for tasks to queue
[2024-11-19T14:52:38.769+0000] {logging_mixin.py:190} INFO - [2024-11-19T14:52:38.768+0000] {dagbag.py:588} INFO - Filling up the DagBag from /opt/airflow/dags/dag.py
[2024-11-19T14:52:38.776+0000] {logging_mixin.py:190} INFO - [2024-11-19T14:52:38.775+0000] {dagbag.py:387} ERROR - Failed to import: /opt/airflow/dags/dag.py
Traceback (most recent call last):
  File "/home/airflow/.local/lib/python3.12/site-packages/airflow/models/dagbag.py", line 383, in parse
    loader.exec_module(new_module)
  File "<frozen importlib._bootstrap_external>", line 991, in exec_module
  File "<frozen importlib._bootstrap_external>", line 1129, in get_code
  File "<frozen importlib._bootstrap_external>", line 1059, in source_to_code
  File "<frozen importlib._bootstrap>", line 488, in _call_with_frames_removed
  File "/opt/airflow/dags/dag.py", line 14
    default_args={
    ^^^^^^^^^^^^
IndentationError: expected an indented block after function definition on line 8
[2024-11-19T14:52:38.777+0000] {processor.py:927} WARNING - No viable dags retrieved from /opt/airflow/dags/dag.py
[2024-11-19T14:52:38.802+0000] {processor.py:208} INFO - Processing /opt/airflow/dags/dag.py took 0.069 seconds
[2024-11-19T14:52:47.819+0000] {processor.py:186} INFO - Started process (PID=1814) to work on /opt/airflow/dags/dag.py
[2024-11-19T14:52:47.821+0000] {processor.py:914} INFO - Processing file /opt/airflow/dags/dag.py for tasks to queue
[2024-11-19T14:52:47.823+0000] {logging_mixin.py:190} INFO - [2024-11-19T14:52:47.823+0000] {dagbag.py:588} INFO - Filling up the DagBag from /opt/airflow/dags/dag.py
[2024-11-19T14:52:47.834+0000] {logging_mixin.py:190} INFO - [2024-11-19T14:52:47.832+0000] {dagbag.py:387} ERROR - Failed to import: /opt/airflow/dags/dag.py
Traceback (most recent call last):
  File "/home/airflow/.local/lib/python3.12/site-packages/airflow/models/dagbag.py", line 383, in parse
    loader.exec_module(new_module)
  File "<frozen importlib._bootstrap_external>", line 991, in exec_module
  File "<frozen importlib._bootstrap_external>", line 1129, in get_code
  File "<frozen importlib._bootstrap_external>", line 1059, in source_to_code
  File "<frozen importlib._bootstrap>", line 488, in _call_with_frames_removed
  File "/opt/airflow/dags/dag.py", line 14
    default_args={
    ^^^^^^^^^^^^
IndentationError: expected an indented block after function definition on line 8
[2024-11-19T14:52:47.835+0000] {processor.py:927} WARNING - No viable dags retrieved from /opt/airflow/dags/dag.py
[2024-11-19T14:52:47.871+0000] {processor.py:208} INFO - Processing /opt/airflow/dags/dag.py took 0.067 seconds
[2024-11-19T14:52:48.848+0000] {processor.py:186} INFO - Started process (PID=1815) to work on /opt/airflow/dags/dag.py
[2024-11-19T14:52:48.849+0000] {processor.py:914} INFO - Processing file /opt/airflow/dags/dag.py for tasks to queue
[2024-11-19T14:52:48.851+0000] {logging_mixin.py:190} INFO - [2024-11-19T14:52:48.850+0000] {dagbag.py:588} INFO - Filling up the DagBag from /opt/airflow/dags/dag.py
[2024-11-19T14:52:48.855+0000] {logging_mixin.py:190} INFO - [2024-11-19T14:52:48.854+0000] {dagbag.py:387} ERROR - Failed to import: /opt/airflow/dags/dag.py
Traceback (most recent call last):
  File "/home/airflow/.local/lib/python3.12/site-packages/airflow/models/dagbag.py", line 383, in parse
    loader.exec_module(new_module)
  File "<frozen importlib._bootstrap_external>", line 991, in exec_module
  File "<frozen importlib._bootstrap_external>", line 1129, in get_code
  File "<frozen importlib._bootstrap_external>", line 1059, in source_to_code
  File "<frozen importlib._bootstrap>", line 488, in _call_with_frames_removed
  File "/opt/airflow/dags/dag.py", line 14
    default_args={
    ^^^^^^^^^^^^
IndentationError: expected an indented block after function definition on line 8
[2024-11-19T14:52:48.856+0000] {processor.py:927} WARNING - No viable dags retrieved from /opt/airflow/dags/dag.py
[2024-11-19T14:52:48.940+0000] {processor.py:208} INFO - Processing /opt/airflow/dags/dag.py took 0.098 seconds
[2024-11-19T14:52:50.999+0000] {processor.py:186} INFO - Started process (PID=1834) to work on /opt/airflow/dags/dag.py
[2024-11-19T14:52:51.000+0000] {processor.py:914} INFO - Processing file /opt/airflow/dags/dag.py for tasks to queue
[2024-11-19T14:52:51.001+0000] {logging_mixin.py:190} INFO - [2024-11-19T14:52:51.001+0000] {dagbag.py:588} INFO - Filling up the DagBag from /opt/airflow/dags/dag.py
[2024-11-19T14:52:51.007+0000] {logging_mixin.py:190} INFO - [2024-11-19T14:52:51.005+0000] {dagbag.py:387} ERROR - Failed to import: /opt/airflow/dags/dag.py
Traceback (most recent call last):
  File "/home/airflow/.local/lib/python3.12/site-packages/airflow/models/dagbag.py", line 383, in parse
    loader.exec_module(new_module)
  File "<frozen importlib._bootstrap_external>", line 991, in exec_module
  File "<frozen importlib._bootstrap_external>", line 1129, in get_code
  File "<frozen importlib._bootstrap_external>", line 1059, in source_to_code
  File "<frozen importlib._bootstrap>", line 488, in _call_with_frames_removed
  File "/opt/airflow/dags/dag.py", line 14
    default_args={
    ^^^^^^^^^^^^
IndentationError: expected an indented block after function definition on line 8
[2024-11-19T14:52:51.007+0000] {processor.py:927} WARNING - No viable dags retrieved from /opt/airflow/dags/dag.py
[2024-11-19T14:52:51.026+0000] {processor.py:208} INFO - Processing /opt/airflow/dags/dag.py took 0.035 seconds
[2024-11-19T14:52:55.623+0000] {processor.py:186} INFO - Started process (PID=1866) to work on /opt/airflow/dags/dag.py
[2024-11-19T14:52:55.625+0000] {processor.py:914} INFO - Processing file /opt/airflow/dags/dag.py for tasks to queue
[2024-11-19T14:52:55.628+0000] {logging_mixin.py:190} INFO - [2024-11-19T14:52:55.627+0000] {dagbag.py:588} INFO - Filling up the DagBag from /opt/airflow/dags/dag.py
[2024-11-19T14:52:55.637+0000] {logging_mixin.py:190} INFO - [2024-11-19T14:52:55.636+0000] {dagbag.py:387} ERROR - Failed to import: /opt/airflow/dags/dag.py
Traceback (most recent call last):
  File "/home/airflow/.local/lib/python3.12/site-packages/airflow/models/dagbag.py", line 383, in parse
    loader.exec_module(new_module)
  File "<frozen importlib._bootstrap_external>", line 991, in exec_module
  File "<frozen importlib._bootstrap_external>", line 1129, in get_code
  File "<frozen importlib._bootstrap_external>", line 1059, in source_to_code
  File "<frozen importlib._bootstrap>", line 488, in _call_with_frames_removed
  File "/opt/airflow/dags/dag.py", line 14
    default_args={
    ^^^^^^^^^^^^
IndentationError: expected an indented block after function definition on line 8
[2024-11-19T14:52:55.638+0000] {processor.py:927} WARNING - No viable dags retrieved from /opt/airflow/dags/dag.py
[2024-11-19T14:52:55.667+0000] {processor.py:208} INFO - Processing /opt/airflow/dags/dag.py took 0.060 seconds
[2024-11-19T14:53:00.716+0000] {processor.py:186} INFO - Started process (PID=1867) to work on /opt/airflow/dags/dag.py
[2024-11-19T14:53:00.718+0000] {processor.py:914} INFO - Processing file /opt/airflow/dags/dag.py for tasks to queue
[2024-11-19T14:53:00.720+0000] {logging_mixin.py:190} INFO - [2024-11-19T14:53:00.719+0000] {dagbag.py:588} INFO - Filling up the DagBag from /opt/airflow/dags/dag.py
[2024-11-19T14:53:00.725+0000] {logging_mixin.py:190} INFO - [2024-11-19T14:53:00.724+0000] {dagbag.py:387} ERROR - Failed to import: /opt/airflow/dags/dag.py
Traceback (most recent call last):
  File "/home/airflow/.local/lib/python3.12/site-packages/airflow/models/dagbag.py", line 383, in parse
    loader.exec_module(new_module)
  File "<frozen importlib._bootstrap_external>", line 991, in exec_module
  File "<frozen importlib._bootstrap_external>", line 1129, in get_code
  File "<frozen importlib._bootstrap_external>", line 1059, in source_to_code
  File "<frozen importlib._bootstrap>", line 488, in _call_with_frames_removed
  File "/opt/airflow/dags/dag.py", line 14
    default_args={
    ^^^^^^^^^^^^
IndentationError: expected an indented block after function definition on line 8
[2024-11-19T14:53:00.726+0000] {processor.py:927} WARNING - No viable dags retrieved from /opt/airflow/dags/dag.py
[2024-11-19T14:53:00.757+0000] {processor.py:208} INFO - Processing /opt/airflow/dags/dag.py took 0.061 seconds
[2024-11-19T14:53:06.897+0000] {processor.py:186} INFO - Started process (PID=1868) to work on /opt/airflow/dags/dag.py
[2024-11-19T14:53:06.899+0000] {processor.py:914} INFO - Processing file /opt/airflow/dags/dag.py for tasks to queue
[2024-11-19T14:53:06.901+0000] {logging_mixin.py:190} INFO - [2024-11-19T14:53:06.901+0000] {dagbag.py:588} INFO - Filling up the DagBag from /opt/airflow/dags/dag.py
[2024-11-19T14:53:06.909+0000] {logging_mixin.py:190} INFO - [2024-11-19T14:53:06.907+0000] {dagbag.py:387} ERROR - Failed to import: /opt/airflow/dags/dag.py
Traceback (most recent call last):
  File "/home/airflow/.local/lib/python3.12/site-packages/airflow/models/dagbag.py", line 383, in parse
    loader.exec_module(new_module)
  File "<frozen importlib._bootstrap_external>", line 991, in exec_module
  File "<frozen importlib._bootstrap_external>", line 1129, in get_code
  File "<frozen importlib._bootstrap_external>", line 1059, in source_to_code
  File "<frozen importlib._bootstrap>", line 488, in _call_with_frames_removed
  File "/opt/airflow/dags/dag.py", line 15
    default_args={
    ^^^^^^^^^^^^
IndentationError: expected an indented block after function definition on line 8
[2024-11-19T14:53:06.909+0000] {processor.py:927} WARNING - No viable dags retrieved from /opt/airflow/dags/dag.py
[2024-11-19T14:53:06.956+0000] {processor.py:208} INFO - Processing /opt/airflow/dags/dag.py took 0.072 seconds
[2024-11-19T14:53:14.433+0000] {processor.py:186} INFO - Started process (PID=1880) to work on /opt/airflow/dags/dag.py
[2024-11-19T14:53:14.434+0000] {processor.py:914} INFO - Processing file /opt/airflow/dags/dag.py for tasks to queue
[2024-11-19T14:53:14.434+0000] {logging_mixin.py:190} INFO - [2024-11-19T14:53:14.434+0000] {dagbag.py:588} INFO - Filling up the DagBag from /opt/airflow/dags/dag.py
[2024-11-19T14:53:14.565+0000] {processor.py:925} INFO - DAG(s) 'fetch_and_store_amazon_books' retrieved from /opt/airflow/dags/dag.py
[2024-11-19T14:53:14.667+0000] {logging_mixin.py:190} INFO - [2024-11-19T14:53:14.666+0000] {dag.py:3239} INFO - Sync 1 DAGs
[2024-11-19T14:53:14.682+0000] {logging_mixin.py:190} INFO - [2024-11-19T14:53:14.681+0000] {dag.py:4180} INFO - Setting next_dagrun for fetch_and_store_amazon_books to None, run_after=None
[2024-11-19T14:53:14.695+0000] {processor.py:208} INFO - Processing /opt/airflow/dags/dag.py took 0.265 seconds
[2024-11-19T14:53:17.648+0000] {processor.py:186} INFO - Started process (PID=1884) to work on /opt/airflow/dags/dag.py
[2024-11-19T14:53:17.651+0000] {processor.py:914} INFO - Processing file /opt/airflow/dags/dag.py for tasks to queue
[2024-11-19T14:53:17.654+0000] {logging_mixin.py:190} INFO - [2024-11-19T14:53:17.654+0000] {dagbag.py:588} INFO - Filling up the DagBag from /opt/airflow/dags/dag.py
[2024-11-19T14:53:17.741+0000] {processor.py:925} INFO - DAG(s) 'fetch_and_store_amazon_books' retrieved from /opt/airflow/dags/dag.py
[2024-11-19T14:53:17.752+0000] {logging_mixin.py:190} INFO - [2024-11-19T14:53:17.751+0000] {dag.py:3239} INFO - Sync 1 DAGs
[2024-11-19T14:53:17.767+0000] {logging_mixin.py:190} INFO - [2024-11-19T14:53:17.767+0000] {dag.py:4180} INFO - Setting next_dagrun for fetch_and_store_amazon_books to None, run_after=None
[2024-11-19T14:53:17.780+0000] {processor.py:208} INFO - Processing /opt/airflow/dags/dag.py took 0.144 seconds
[2024-11-19T14:53:20.932+0000] {processor.py:186} INFO - Started process (PID=1887) to work on /opt/airflow/dags/dag.py
[2024-11-19T14:53:20.936+0000] {processor.py:914} INFO - Processing file /opt/airflow/dags/dag.py for tasks to queue
[2024-11-19T14:53:20.938+0000] {logging_mixin.py:190} INFO - [2024-11-19T14:53:20.937+0000] {dagbag.py:588} INFO - Filling up the DagBag from /opt/airflow/dags/dag.py
[2024-11-19T14:53:21.039+0000] {processor.py:925} INFO - DAG(s) 'fetch_and_store_amazon_books' retrieved from /opt/airflow/dags/dag.py
[2024-11-19T14:53:21.047+0000] {logging_mixin.py:190} INFO - [2024-11-19T14:53:21.046+0000] {dag.py:3239} INFO - Sync 1 DAGs
[2024-11-19T14:53:21.069+0000] {logging_mixin.py:190} INFO - [2024-11-19T14:53:21.069+0000] {dag.py:4180} INFO - Setting next_dagrun for fetch_and_store_amazon_books to None, run_after=None
[2024-11-19T14:53:21.091+0000] {processor.py:208} INFO - Processing /opt/airflow/dags/dag.py took 0.187 seconds
[2024-11-19T14:53:25.478+0000] {processor.py:186} INFO - Started process (PID=1935) to work on /opt/airflow/dags/dag.py
[2024-11-19T14:53:25.480+0000] {processor.py:914} INFO - Processing file /opt/airflow/dags/dag.py for tasks to queue
[2024-11-19T14:53:25.481+0000] {logging_mixin.py:190} INFO - [2024-11-19T14:53:25.481+0000] {dagbag.py:588} INFO - Filling up the DagBag from /opt/airflow/dags/dag.py
[2024-11-19T14:53:25.592+0000] {processor.py:925} INFO - DAG(s) 'fetch_and_store_amazon_books' retrieved from /opt/airflow/dags/dag.py
[2024-11-19T14:53:25.609+0000] {logging_mixin.py:190} INFO - [2024-11-19T14:53:25.608+0000] {dag.py:3239} INFO - Sync 1 DAGs
[2024-11-19T14:53:25.629+0000] {logging_mixin.py:190} INFO - [2024-11-19T14:53:25.629+0000] {dag.py:4180} INFO - Setting next_dagrun for fetch_and_store_amazon_books to None, run_after=None
[2024-11-19T14:53:25.643+0000] {processor.py:208} INFO - Processing /opt/airflow/dags/dag.py took 0.179 seconds
[2024-11-19T14:53:27.509+0000] {processor.py:186} INFO - Started process (PID=1936) to work on /opt/airflow/dags/dag.py
[2024-11-19T14:53:27.511+0000] {processor.py:914} INFO - Processing file /opt/airflow/dags/dag.py for tasks to queue
[2024-11-19T14:53:27.512+0000] {logging_mixin.py:190} INFO - [2024-11-19T14:53:27.512+0000] {dagbag.py:588} INFO - Filling up the DagBag from /opt/airflow/dags/dag.py
[2024-11-19T14:53:27.572+0000] {processor.py:925} INFO - DAG(s) 'fetch_and_store_amazon_books' retrieved from /opt/airflow/dags/dag.py
[2024-11-19T14:53:27.581+0000] {logging_mixin.py:190} INFO - [2024-11-19T14:53:27.580+0000] {dag.py:3239} INFO - Sync 1 DAGs
[2024-11-19T14:53:27.592+0000] {logging_mixin.py:190} INFO - [2024-11-19T14:53:27.592+0000] {dag.py:4180} INFO - Setting next_dagrun for fetch_and_store_amazon_books to None, run_after=None
[2024-11-19T14:53:27.601+0000] {processor.py:208} INFO - Processing /opt/airflow/dags/dag.py took 0.099 seconds
[2024-11-19T14:53:32.736+0000] {processor.py:186} INFO - Started process (PID=1937) to work on /opt/airflow/dags/dag.py
[2024-11-19T14:53:32.738+0000] {processor.py:914} INFO - Processing file /opt/airflow/dags/dag.py for tasks to queue
[2024-11-19T14:53:32.739+0000] {logging_mixin.py:190} INFO - [2024-11-19T14:53:32.739+0000] {dagbag.py:588} INFO - Filling up the DagBag from /opt/airflow/dags/dag.py
[2024-11-19T14:53:32.846+0000] {processor.py:925} INFO - DAG(s) 'fetch_and_store_amazon_books' retrieved from /opt/airflow/dags/dag.py
[2024-11-19T14:53:32.870+0000] {logging_mixin.py:190} INFO - [2024-11-19T14:53:32.868+0000] {dag.py:3239} INFO - Sync 1 DAGs
[2024-11-19T14:53:32.908+0000] {logging_mixin.py:190} INFO - [2024-11-19T14:53:32.908+0000] {dag.py:4180} INFO - Setting next_dagrun for fetch_and_store_amazon_books to None, run_after=None
[2024-11-19T14:53:32.926+0000] {processor.py:208} INFO - Processing /opt/airflow/dags/dag.py took 0.210 seconds
[2024-11-19T14:53:38.869+0000] {processor.py:186} INFO - Started process (PID=1938) to work on /opt/airflow/dags/dag.py
[2024-11-19T14:53:38.873+0000] {processor.py:914} INFO - Processing file /opt/airflow/dags/dag.py for tasks to queue
[2024-11-19T14:53:38.876+0000] {logging_mixin.py:190} INFO - [2024-11-19T14:53:38.875+0000] {dagbag.py:588} INFO - Filling up the DagBag from /opt/airflow/dags/dag.py
[2024-11-19T14:53:38.989+0000] {processor.py:925} INFO - DAG(s) 'fetch_and_store_amazon_books' retrieved from /opt/airflow/dags/dag.py
[2024-11-19T14:53:39.009+0000] {logging_mixin.py:190} INFO - [2024-11-19T14:53:39.007+0000] {dag.py:3239} INFO - Sync 1 DAGs
[2024-11-19T14:53:39.028+0000] {logging_mixin.py:190} INFO - [2024-11-19T14:53:39.027+0000] {dag.py:4180} INFO - Setting next_dagrun for fetch_and_store_amazon_books to None, run_after=None
[2024-11-19T14:53:39.038+0000] {processor.py:208} INFO - Processing /opt/airflow/dags/dag.py took 0.181 seconds
[2024-11-19T14:53:41.090+0000] {processor.py:186} INFO - Started process (PID=1939) to work on /opt/airflow/dags/dag.py
[2024-11-19T14:53:41.091+0000] {processor.py:914} INFO - Processing file /opt/airflow/dags/dag.py for tasks to queue
[2024-11-19T14:53:41.092+0000] {logging_mixin.py:190} INFO - [2024-11-19T14:53:41.092+0000] {dagbag.py:588} INFO - Filling up the DagBag from /opt/airflow/dags/dag.py
[2024-11-19T14:53:41.194+0000] {processor.py:925} INFO - DAG(s) 'fetch_and_store_amazon_books' retrieved from /opt/airflow/dags/dag.py
[2024-11-19T14:53:41.215+0000] {logging_mixin.py:190} INFO - [2024-11-19T14:53:41.211+0000] {dag.py:3239} INFO - Sync 1 DAGs
[2024-11-19T14:53:41.245+0000] {logging_mixin.py:190} INFO - [2024-11-19T14:53:41.244+0000] {dag.py:4180} INFO - Setting next_dagrun for fetch_and_store_amazon_books to None, run_after=None
[2024-11-19T14:53:41.265+0000] {processor.py:208} INFO - Processing /opt/airflow/dags/dag.py took 0.188 seconds
[2024-11-19T14:54:07.910+0000] {processor.py:186} INFO - Started process (PID=2003) to work on /opt/airflow/dags/dag.py
[2024-11-19T14:54:07.912+0000] {processor.py:914} INFO - Processing file /opt/airflow/dags/dag.py for tasks to queue
[2024-11-19T14:54:07.914+0000] {logging_mixin.py:190} INFO - [2024-11-19T14:54:07.914+0000] {dagbag.py:588} INFO - Filling up the DagBag from /opt/airflow/dags/dag.py
[2024-11-19T14:54:08.060+0000] {processor.py:925} INFO - DAG(s) 'fetch_and_store_amazon_books' retrieved from /opt/airflow/dags/dag.py
[2024-11-19T14:54:08.093+0000] {logging_mixin.py:190} INFO - [2024-11-19T14:54:08.093+0000] {dag.py:3239} INFO - Sync 1 DAGs
[2024-11-19T14:54:08.129+0000] {logging_mixin.py:190} INFO - [2024-11-19T14:54:08.128+0000] {dag.py:4180} INFO - Setting next_dagrun for fetch_and_store_amazon_books to None, run_after=None
[2024-11-19T14:54:08.145+0000] {processor.py:208} INFO - Processing /opt/airflow/dags/dag.py took 0.260 seconds
[2024-11-19T14:54:11.234+0000] {processor.py:186} INFO - Started process (PID=2004) to work on /opt/airflow/dags/dag.py
[2024-11-19T14:54:11.236+0000] {processor.py:914} INFO - Processing file /opt/airflow/dags/dag.py for tasks to queue
[2024-11-19T14:54:11.237+0000] {logging_mixin.py:190} INFO - [2024-11-19T14:54:11.237+0000] {dagbag.py:588} INFO - Filling up the DagBag from /opt/airflow/dags/dag.py
[2024-11-19T14:54:11.384+0000] {processor.py:925} INFO - DAG(s) 'fetch_and_store_amazon_books' retrieved from /opt/airflow/dags/dag.py
[2024-11-19T14:54:11.457+0000] {logging_mixin.py:190} INFO - [2024-11-19T14:54:11.456+0000] {dag.py:3239} INFO - Sync 1 DAGs
[2024-11-19T14:54:11.536+0000] {logging_mixin.py:190} INFO - [2024-11-19T14:54:11.535+0000] {dag.py:4180} INFO - Setting next_dagrun for fetch_and_store_amazon_books to None, run_after=None
[2024-11-19T14:54:11.559+0000] {processor.py:208} INFO - Processing /opt/airflow/dags/dag.py took 0.334 seconds
[2024-11-19T14:54:15.791+0000] {processor.py:186} INFO - Started process (PID=2005) to work on /opt/airflow/dags/dag.py
[2024-11-19T14:54:15.793+0000] {processor.py:914} INFO - Processing file /opt/airflow/dags/dag.py for tasks to queue
[2024-11-19T14:54:15.795+0000] {logging_mixin.py:190} INFO - [2024-11-19T14:54:15.795+0000] {dagbag.py:588} INFO - Filling up the DagBag from /opt/airflow/dags/dag.py
[2024-11-19T14:54:15.891+0000] {processor.py:925} INFO - DAG(s) 'fetch_and_store_amazon_books' retrieved from /opt/airflow/dags/dag.py
[2024-11-19T14:54:15.939+0000] {logging_mixin.py:190} INFO - [2024-11-19T14:54:15.939+0000] {dag.py:3239} INFO - Sync 1 DAGs
[2024-11-19T14:54:15.958+0000] {logging_mixin.py:190} INFO - [2024-11-19T14:54:15.957+0000] {dag.py:4180} INFO - Setting next_dagrun for fetch_and_store_amazon_books to None, run_after=None
[2024-11-19T14:54:15.970+0000] {processor.py:208} INFO - Processing /opt/airflow/dags/dag.py took 0.198 seconds
[2024-11-19T14:54:30.950+0000] {processor.py:186} INFO - Started process (PID=2069) to work on /opt/airflow/dags/dag.py
[2024-11-19T14:54:30.952+0000] {processor.py:914} INFO - Processing file /opt/airflow/dags/dag.py for tasks to queue
[2024-11-19T14:54:30.954+0000] {logging_mixin.py:190} INFO - [2024-11-19T14:54:30.953+0000] {dagbag.py:588} INFO - Filling up the DagBag from /opt/airflow/dags/dag.py
[2024-11-19T14:54:30.960+0000] {logging_mixin.py:190} INFO - [2024-11-19T14:54:30.958+0000] {dagbag.py:387} ERROR - Failed to import: /opt/airflow/dags/dag.py
Traceback (most recent call last):
  File "/home/airflow/.local/lib/python3.12/site-packages/airflow/models/dagbag.py", line 383, in parse
    loader.exec_module(new_module)
  File "<frozen importlib._bootstrap_external>", line 991, in exec_module
  File "<frozen importlib._bootstrap_external>", line 1129, in get_code
  File "<frozen importlib._bootstrap_external>", line 1059, in source_to_code
  File "<frozen importlib._bootstrap>", line 488, in _call_with_frames_removed
  File "/opt/airflow/dags/dag.py", line 18
    while len(books)
                    ^
SyntaxError: expected ':'
[2024-11-19T14:54:30.961+0000] {processor.py:927} WARNING - No viable dags retrieved from /opt/airflow/dags/dag.py
[2024-11-19T14:54:30.984+0000] {processor.py:208} INFO - Processing /opt/airflow/dags/dag.py took 0.045 seconds
[2024-11-19T14:54:39.195+0000] {processor.py:186} INFO - Started process (PID=2070) to work on /opt/airflow/dags/dag.py
[2024-11-19T14:54:39.197+0000] {processor.py:914} INFO - Processing file /opt/airflow/dags/dag.py for tasks to queue
[2024-11-19T14:54:39.200+0000] {logging_mixin.py:190} INFO - [2024-11-19T14:54:39.199+0000] {dagbag.py:588} INFO - Filling up the DagBag from /opt/airflow/dags/dag.py
[2024-11-19T14:54:39.366+0000] {processor.py:925} INFO - DAG(s) 'fetch_and_store_amazon_books' retrieved from /opt/airflow/dags/dag.py
[2024-11-19T14:54:39.424+0000] {logging_mixin.py:190} INFO - [2024-11-19T14:54:39.424+0000] {dag.py:3239} INFO - Sync 1 DAGs
[2024-11-19T14:54:39.453+0000] {logging_mixin.py:190} INFO - [2024-11-19T14:54:39.453+0000] {dag.py:4180} INFO - Setting next_dagrun for fetch_and_store_amazon_books to None, run_after=None
[2024-11-19T14:54:39.468+0000] {processor.py:208} INFO - Processing /opt/airflow/dags/dag.py took 0.307 seconds
[2024-11-19T14:54:40.497+0000] {processor.py:186} INFO - Started process (PID=2071) to work on /opt/airflow/dags/dag.py
[2024-11-19T14:54:40.498+0000] {processor.py:914} INFO - Processing file /opt/airflow/dags/dag.py for tasks to queue
[2024-11-19T14:54:40.499+0000] {logging_mixin.py:190} INFO - [2024-11-19T14:54:40.498+0000] {dagbag.py:588} INFO - Filling up the DagBag from /opt/airflow/dags/dag.py
[2024-11-19T14:54:40.502+0000] {logging_mixin.py:190} INFO - [2024-11-19T14:54:40.502+0000] {dagbag.py:387} ERROR - Failed to import: /opt/airflow/dags/dag.py
Traceback (most recent call last):
  File "/home/airflow/.local/lib/python3.12/site-packages/airflow/models/dagbag.py", line 383, in parse
    loader.exec_module(new_module)
  File "<frozen importlib._bootstrap_external>", line 991, in exec_module
  File "<frozen importlib._bootstrap_external>", line 1129, in get_code
  File "<frozen importlib._bootstrap_external>", line 1059, in source_to_code
  File "<frozen importlib._bootstrap>", line 488, in _call_with_frames_removed
  File "/opt/airflow/dags/dag.py", line 19
    url = f"{}"
             ^
SyntaxError: f-string: valid expression required before '}'
[2024-11-19T14:54:40.503+0000] {processor.py:927} WARNING - No viable dags retrieved from /opt/airflow/dags/dag.py
[2024-11-19T14:54:40.528+0000] {processor.py:208} INFO - Processing /opt/airflow/dags/dag.py took 0.036 seconds
[2024-11-19T14:54:42.576+0000] {processor.py:186} INFO - Started process (PID=2072) to work on /opt/airflow/dags/dag.py
[2024-11-19T14:54:42.580+0000] {processor.py:914} INFO - Processing file /opt/airflow/dags/dag.py for tasks to queue
[2024-11-19T14:54:42.582+0000] {logging_mixin.py:190} INFO - [2024-11-19T14:54:42.582+0000] {dagbag.py:588} INFO - Filling up the DagBag from /opt/airflow/dags/dag.py
[2024-11-19T14:54:42.687+0000] {processor.py:925} INFO - DAG(s) 'fetch_and_store_amazon_books' retrieved from /opt/airflow/dags/dag.py
[2024-11-19T14:54:42.723+0000] {logging_mixin.py:190} INFO - [2024-11-19T14:54:42.723+0000] {dag.py:3239} INFO - Sync 1 DAGs
[2024-11-19T14:54:42.758+0000] {logging_mixin.py:190} INFO - [2024-11-19T14:54:42.758+0000] {dag.py:4180} INFO - Setting next_dagrun for fetch_and_store_amazon_books to None, run_after=None
[2024-11-19T14:54:42.773+0000] {processor.py:208} INFO - Processing /opt/airflow/dags/dag.py took 0.210 seconds
[2024-11-19T14:54:44.649+0000] {processor.py:186} INFO - Started process (PID=2073) to work on /opt/airflow/dags/dag.py
[2024-11-19T14:54:44.651+0000] {processor.py:914} INFO - Processing file /opt/airflow/dags/dag.py for tasks to queue
[2024-11-19T14:54:44.653+0000] {logging_mixin.py:190} INFO - [2024-11-19T14:54:44.653+0000] {dagbag.py:588} INFO - Filling up the DagBag from /opt/airflow/dags/dag.py
[2024-11-19T14:54:44.747+0000] {processor.py:925} INFO - DAG(s) 'fetch_and_store_amazon_books' retrieved from /opt/airflow/dags/dag.py
[2024-11-19T14:54:44.771+0000] {logging_mixin.py:190} INFO - [2024-11-19T14:54:44.771+0000] {dag.py:3239} INFO - Sync 1 DAGs
[2024-11-19T14:54:44.788+0000] {logging_mixin.py:190} INFO - [2024-11-19T14:54:44.788+0000] {dag.py:4180} INFO - Setting next_dagrun for fetch_and_store_amazon_books to None, run_after=None
[2024-11-19T14:54:44.800+0000] {processor.py:208} INFO - Processing /opt/airflow/dags/dag.py took 0.161 seconds
[2024-11-19T14:54:52.232+0000] {processor.py:186} INFO - Started process (PID=2084) to work on /opt/airflow/dags/dag.py
[2024-11-19T14:54:52.233+0000] {processor.py:914} INFO - Processing file /opt/airflow/dags/dag.py for tasks to queue
[2024-11-19T14:54:52.233+0000] {logging_mixin.py:190} INFO - [2024-11-19T14:54:52.233+0000] {dagbag.py:588} INFO - Filling up the DagBag from /opt/airflow/dags/dag.py
[2024-11-19T14:54:52.323+0000] {processor.py:925} INFO - DAG(s) 'fetch_and_store_amazon_books' retrieved from /opt/airflow/dags/dag.py
[2024-11-19T14:54:52.339+0000] {logging_mixin.py:190} INFO - [2024-11-19T14:54:52.338+0000] {dag.py:3239} INFO - Sync 1 DAGs
[2024-11-19T14:54:52.352+0000] {logging_mixin.py:190} INFO - [2024-11-19T14:54:52.352+0000] {dag.py:4180} INFO - Setting next_dagrun for fetch_and_store_amazon_books to None, run_after=None
[2024-11-19T14:54:52.361+0000] {processor.py:208} INFO - Processing /opt/airflow/dags/dag.py took 0.132 seconds
[2024-11-19T14:54:54.788+0000] {processor.py:186} INFO - Started process (PID=2116) to work on /opt/airflow/dags/dag.py
[2024-11-19T14:54:54.788+0000] {processor.py:914} INFO - Processing file /opt/airflow/dags/dag.py for tasks to queue
[2024-11-19T14:54:54.789+0000] {logging_mixin.py:190} INFO - [2024-11-19T14:54:54.789+0000] {dagbag.py:588} INFO - Filling up the DagBag from /opt/airflow/dags/dag.py
[2024-11-19T14:54:54.878+0000] {processor.py:925} INFO - DAG(s) 'fetch_and_store_amazon_books' retrieved from /opt/airflow/dags/dag.py
[2024-11-19T14:54:54.918+0000] {logging_mixin.py:190} INFO - [2024-11-19T14:54:54.918+0000] {dag.py:3239} INFO - Sync 1 DAGs
[2024-11-19T14:54:54.966+0000] {logging_mixin.py:190} INFO - [2024-11-19T14:54:54.966+0000] {dag.py:4180} INFO - Setting next_dagrun for fetch_and_store_amazon_books to None, run_after=None
[2024-11-19T14:54:54.988+0000] {processor.py:208} INFO - Processing /opt/airflow/dags/dag.py took 0.205 seconds
[2024-11-19T14:54:57.866+0000] {processor.py:186} INFO - Started process (PID=2130) to work on /opt/airflow/dags/dag.py
[2024-11-19T14:54:57.867+0000] {processor.py:914} INFO - Processing file /opt/airflow/dags/dag.py for tasks to queue
[2024-11-19T14:54:57.868+0000] {logging_mixin.py:190} INFO - [2024-11-19T14:54:57.868+0000] {dagbag.py:588} INFO - Filling up the DagBag from /opt/airflow/dags/dag.py
[2024-11-19T14:54:57.926+0000] {processor.py:925} INFO - DAG(s) 'fetch_and_store_amazon_books' retrieved from /opt/airflow/dags/dag.py
[2024-11-19T14:54:57.939+0000] {logging_mixin.py:190} INFO - [2024-11-19T14:54:57.939+0000] {dag.py:3239} INFO - Sync 1 DAGs
[2024-11-19T14:54:57.951+0000] {logging_mixin.py:190} INFO - [2024-11-19T14:54:57.951+0000] {dag.py:4180} INFO - Setting next_dagrun for fetch_and_store_amazon_books to None, run_after=None
[2024-11-19T14:54:57.960+0000] {processor.py:208} INFO - Processing /opt/airflow/dags/dag.py took 0.105 seconds
[2024-11-19T14:55:16.829+0000] {processor.py:186} INFO - Started process (PID=2140) to work on /opt/airflow/dags/dag.py
[2024-11-19T14:55:16.832+0000] {processor.py:914} INFO - Processing file /opt/airflow/dags/dag.py for tasks to queue
[2024-11-19T14:55:16.834+0000] {logging_mixin.py:190} INFO - [2024-11-19T14:55:16.833+0000] {dagbag.py:588} INFO - Filling up the DagBag from /opt/airflow/dags/dag.py
[2024-11-19T14:55:16.964+0000] {processor.py:925} INFO - DAG(s) 'fetch_and_store_amazon_books' retrieved from /opt/airflow/dags/dag.py
[2024-11-19T14:55:17.013+0000] {logging_mixin.py:190} INFO - [2024-11-19T14:55:17.013+0000] {dag.py:3239} INFO - Sync 1 DAGs
[2024-11-19T14:55:17.089+0000] {logging_mixin.py:190} INFO - [2024-11-19T14:55:17.088+0000] {dag.py:4180} INFO - Setting next_dagrun for fetch_and_store_amazon_books to None, run_after=None
[2024-11-19T14:55:17.101+0000] {processor.py:208} INFO - Processing /opt/airflow/dags/dag.py took 0.284 seconds
[2024-11-19T14:55:25.557+0000] {processor.py:186} INFO - Started process (PID=2174) to work on /opt/airflow/dags/dag.py
[2024-11-19T14:55:25.558+0000] {processor.py:914} INFO - Processing file /opt/airflow/dags/dag.py for tasks to queue
[2024-11-19T14:55:25.561+0000] {logging_mixin.py:190} INFO - [2024-11-19T14:55:25.561+0000] {dagbag.py:588} INFO - Filling up the DagBag from /opt/airflow/dags/dag.py
[2024-11-19T14:55:25.630+0000] {processor.py:925} INFO - DAG(s) 'fetch_and_store_amazon_books' retrieved from /opt/airflow/dags/dag.py
[2024-11-19T14:55:25.661+0000] {logging_mixin.py:190} INFO - [2024-11-19T14:55:25.660+0000] {dag.py:3239} INFO - Sync 1 DAGs
[2024-11-19T14:55:25.696+0000] {logging_mixin.py:190} INFO - [2024-11-19T14:55:25.696+0000] {dag.py:4180} INFO - Setting next_dagrun for fetch_and_store_amazon_books to None, run_after=None
[2024-11-19T14:55:25.717+0000] {processor.py:208} INFO - Processing /opt/airflow/dags/dag.py took 0.164 seconds
[2024-11-19T14:55:26.210+0000] {processor.py:186} INFO - Started process (PID=2190) to work on /opt/airflow/dags/dag.py
[2024-11-19T14:55:26.211+0000] {processor.py:914} INFO - Processing file /opt/airflow/dags/dag.py for tasks to queue
[2024-11-19T14:55:26.214+0000] {logging_mixin.py:190} INFO - [2024-11-19T14:55:26.214+0000] {dagbag.py:588} INFO - Filling up the DagBag from /opt/airflow/dags/dag.py
[2024-11-19T14:55:26.266+0000] {processor.py:925} INFO - DAG(s) 'fetch_and_store_amazon_books' retrieved from /opt/airflow/dags/dag.py
[2024-11-19T14:55:26.275+0000] {logging_mixin.py:190} INFO - [2024-11-19T14:55:26.274+0000] {dag.py:3239} INFO - Sync 1 DAGs
[2024-11-19T14:55:26.284+0000] {logging_mixin.py:190} INFO - [2024-11-19T14:55:26.284+0000] {dag.py:4180} INFO - Setting next_dagrun for fetch_and_store_amazon_books to None, run_after=None
[2024-11-19T14:55:26.292+0000] {processor.py:208} INFO - Processing /opt/airflow/dags/dag.py took 0.086 seconds
[2024-11-19T14:55:30.141+0000] {processor.py:186} INFO - Started process (PID=2199) to work on /opt/airflow/dags/dag.py
[2024-11-19T14:55:30.143+0000] {processor.py:914} INFO - Processing file /opt/airflow/dags/dag.py for tasks to queue
[2024-11-19T14:55:30.144+0000] {logging_mixin.py:190} INFO - [2024-11-19T14:55:30.144+0000] {dagbag.py:588} INFO - Filling up the DagBag from /opt/airflow/dags/dag.py
[2024-11-19T14:55:30.223+0000] {processor.py:925} INFO - DAG(s) 'fetch_and_store_amazon_books' retrieved from /opt/airflow/dags/dag.py
[2024-11-19T14:55:30.256+0000] {logging_mixin.py:190} INFO - [2024-11-19T14:55:30.255+0000] {dag.py:3239} INFO - Sync 1 DAGs
[2024-11-19T14:55:30.270+0000] {logging_mixin.py:190} INFO - [2024-11-19T14:55:30.270+0000] {dag.py:4180} INFO - Setting next_dagrun for fetch_and_store_amazon_books to None, run_after=None
[2024-11-19T14:55:30.283+0000] {processor.py:208} INFO - Processing /opt/airflow/dags/dag.py took 0.153 seconds
[2024-11-19T14:55:34.826+0000] {processor.py:186} INFO - Started process (PID=2207) to work on /opt/airflow/dags/dag.py
[2024-11-19T14:55:34.829+0000] {processor.py:914} INFO - Processing file /opt/airflow/dags/dag.py for tasks to queue
[2024-11-19T14:55:34.831+0000] {logging_mixin.py:190} INFO - [2024-11-19T14:55:34.830+0000] {dagbag.py:588} INFO - Filling up the DagBag from /opt/airflow/dags/dag.py
[2024-11-19T14:55:34.941+0000] {processor.py:925} INFO - DAG(s) 'fetch_and_store_amazon_books' retrieved from /opt/airflow/dags/dag.py
[2024-11-19T14:55:34.976+0000] {logging_mixin.py:190} INFO - [2024-11-19T14:55:34.975+0000] {dag.py:3239} INFO - Sync 1 DAGs
[2024-11-19T14:55:34.995+0000] {logging_mixin.py:190} INFO - [2024-11-19T14:55:34.995+0000] {dag.py:4180} INFO - Setting next_dagrun for fetch_and_store_amazon_books to None, run_after=None
[2024-11-19T14:55:35.024+0000] {processor.py:208} INFO - Processing /opt/airflow/dags/dag.py took 0.226 seconds
[2024-11-19T14:55:40.110+0000] {processor.py:186} INFO - Started process (PID=2208) to work on /opt/airflow/dags/dag.py
[2024-11-19T14:55:40.113+0000] {processor.py:914} INFO - Processing file /opt/airflow/dags/dag.py for tasks to queue
[2024-11-19T14:55:40.115+0000] {logging_mixin.py:190} INFO - [2024-11-19T14:55:40.114+0000] {dagbag.py:588} INFO - Filling up the DagBag from /opt/airflow/dags/dag.py
[2024-11-19T14:55:40.228+0000] {processor.py:925} INFO - DAG(s) 'fetch_and_store_amazon_books' retrieved from /opt/airflow/dags/dag.py
[2024-11-19T14:55:40.258+0000] {logging_mixin.py:190} INFO - [2024-11-19T14:55:40.257+0000] {dag.py:3239} INFO - Sync 1 DAGs
[2024-11-19T14:55:40.292+0000] {logging_mixin.py:190} INFO - [2024-11-19T14:55:40.291+0000] {dag.py:4180} INFO - Setting next_dagrun for fetch_and_store_amazon_books to None, run_after=None
[2024-11-19T14:55:40.305+0000] {processor.py:208} INFO - Processing /opt/airflow/dags/dag.py took 0.211 seconds
[2024-11-19T14:55:43.205+0000] {processor.py:186} INFO - Started process (PID=2209) to work on /opt/airflow/dags/dag.py
[2024-11-19T14:55:43.207+0000] {processor.py:914} INFO - Processing file /opt/airflow/dags/dag.py for tasks to queue
[2024-11-19T14:55:43.208+0000] {logging_mixin.py:190} INFO - [2024-11-19T14:55:43.208+0000] {dagbag.py:588} INFO - Filling up the DagBag from /opt/airflow/dags/dag.py
[2024-11-19T14:55:43.579+0000] {processor.py:925} INFO - DAG(s) 'fetch_and_store_amazon_books' retrieved from /opt/airflow/dags/dag.py
[2024-11-19T14:55:43.677+0000] {logging_mixin.py:190} INFO - [2024-11-19T14:55:43.675+0000] {dag.py:3239} INFO - Sync 1 DAGs
[2024-11-19T14:55:43.781+0000] {logging_mixin.py:190} INFO - [2024-11-19T14:55:43.781+0000] {dag.py:4180} INFO - Setting next_dagrun for fetch_and_store_amazon_books to None, run_after=None
[2024-11-19T14:55:43.825+0000] {processor.py:208} INFO - Processing /opt/airflow/dags/dag.py took 0.631 seconds
[2024-11-19T14:56:00.363+0000] {processor.py:186} INFO - Started process (PID=2266) to work on /opt/airflow/dags/dag.py
[2024-11-19T14:56:00.368+0000] {processor.py:914} INFO - Processing file /opt/airflow/dags/dag.py for tasks to queue
[2024-11-19T14:56:00.371+0000] {logging_mixin.py:190} INFO - [2024-11-19T14:56:00.370+0000] {dagbag.py:588} INFO - Filling up the DagBag from /opt/airflow/dags/dag.py
[2024-11-19T14:56:00.512+0000] {processor.py:925} INFO - DAG(s) 'fetch_and_store_amazon_books' retrieved from /opt/airflow/dags/dag.py
[2024-11-19T14:56:00.549+0000] {logging_mixin.py:190} INFO - [2024-11-19T14:56:00.548+0000] {dag.py:3239} INFO - Sync 1 DAGs
[2024-11-19T14:56:00.571+0000] {logging_mixin.py:190} INFO - [2024-11-19T14:56:00.571+0000] {dag.py:4180} INFO - Setting next_dagrun for fetch_and_store_amazon_books to None, run_after=None
[2024-11-19T14:56:00.594+0000] {processor.py:208} INFO - Processing /opt/airflow/dags/dag.py took 0.263 seconds
[2024-11-19T14:56:10.458+0000] {processor.py:186} INFO - Started process (PID=2274) to work on /opt/airflow/dags/dag.py
[2024-11-19T14:56:10.467+0000] {processor.py:914} INFO - Processing file /opt/airflow/dags/dag.py for tasks to queue
[2024-11-19T14:56:10.470+0000] {logging_mixin.py:190} INFO - [2024-11-19T14:56:10.469+0000] {dagbag.py:588} INFO - Filling up the DagBag from /opt/airflow/dags/dag.py
[2024-11-19T14:56:10.488+0000] {logging_mixin.py:190} INFO - [2024-11-19T14:56:10.482+0000] {dagbag.py:387} ERROR - Failed to import: /opt/airflow/dags/dag.py
Traceback (most recent call last):
  File "/home/airflow/.local/lib/python3.12/site-packages/airflow/models/dagbag.py", line 383, in parse
    loader.exec_module(new_module)
  File "<frozen importlib._bootstrap_external>", line 991, in exec_module
  File "<frozen importlib._bootstrap_external>", line 1129, in get_code
  File "<frozen importlib._bootstrap_external>", line 1059, in source_to_code
  File "<frozen importlib._bootstrap>", line 488, in _call_with_frames_removed
  File "/opt/airflow/dags/dag.py", line 34
    default_args={
IndentationError: expected an indented block after 'if' statement on line 25
[2024-11-19T14:56:10.488+0000] {processor.py:927} WARNING - No viable dags retrieved from /opt/airflow/dags/dag.py
[2024-11-19T14:56:10.552+0000] {processor.py:208} INFO - Processing /opt/airflow/dags/dag.py took 0.114 seconds
[2024-11-19T14:56:15.648+0000] {processor.py:186} INFO - Started process (PID=2275) to work on /opt/airflow/dags/dag.py
[2024-11-19T14:56:15.650+0000] {processor.py:914} INFO - Processing file /opt/airflow/dags/dag.py for tasks to queue
[2024-11-19T14:56:15.652+0000] {logging_mixin.py:190} INFO - [2024-11-19T14:56:15.651+0000] {dagbag.py:588} INFO - Filling up the DagBag from /opt/airflow/dags/dag.py
[2024-11-19T14:56:15.762+0000] {processor.py:925} INFO - DAG(s) 'fetch_and_store_amazon_books' retrieved from /opt/airflow/dags/dag.py
[2024-11-19T14:56:15.804+0000] {logging_mixin.py:190} INFO - [2024-11-19T14:56:15.803+0000] {dag.py:3239} INFO - Sync 1 DAGs
[2024-11-19T14:56:15.833+0000] {logging_mixin.py:190} INFO - [2024-11-19T14:56:15.832+0000] {dag.py:4180} INFO - Setting next_dagrun for fetch_and_store_amazon_books to None, run_after=None
[2024-11-19T14:56:15.853+0000] {processor.py:208} INFO - Processing /opt/airflow/dags/dag.py took 0.226 seconds
[2024-11-19T14:56:19.783+0000] {processor.py:186} INFO - Started process (PID=2276) to work on /opt/airflow/dags/dag.py
[2024-11-19T14:56:19.786+0000] {processor.py:914} INFO - Processing file /opt/airflow/dags/dag.py for tasks to queue
[2024-11-19T14:56:19.790+0000] {logging_mixin.py:190} INFO - [2024-11-19T14:56:19.789+0000] {dagbag.py:588} INFO - Filling up the DagBag from /opt/airflow/dags/dag.py
[2024-11-19T14:56:19.929+0000] {processor.py:925} INFO - DAG(s) 'fetch_and_store_amazon_books' retrieved from /opt/airflow/dags/dag.py
[2024-11-19T14:56:19.942+0000] {logging_mixin.py:190} INFO - [2024-11-19T14:56:19.942+0000] {dag.py:3239} INFO - Sync 1 DAGs
[2024-11-19T14:56:19.953+0000] {logging_mixin.py:190} INFO - [2024-11-19T14:56:19.953+0000] {dag.py:4180} INFO - Setting next_dagrun for fetch_and_store_amazon_books to None, run_after=None
[2024-11-19T14:56:19.962+0000] {processor.py:208} INFO - Processing /opt/airflow/dags/dag.py took 0.195 seconds
[2024-11-19T14:56:23.096+0000] {processor.py:186} INFO - Started process (PID=2279) to work on /opt/airflow/dags/dag.py
[2024-11-19T14:56:23.098+0000] {processor.py:914} INFO - Processing file /opt/airflow/dags/dag.py for tasks to queue
[2024-11-19T14:56:23.102+0000] {logging_mixin.py:190} INFO - [2024-11-19T14:56:23.101+0000] {dagbag.py:588} INFO - Filling up the DagBag from /opt/airflow/dags/dag.py
[2024-11-19T14:56:23.293+0000] {processor.py:925} INFO - DAG(s) 'fetch_and_store_amazon_books' retrieved from /opt/airflow/dags/dag.py
[2024-11-19T14:56:23.394+0000] {logging_mixin.py:190} INFO - [2024-11-19T14:56:23.394+0000] {dag.py:3239} INFO - Sync 1 DAGs
[2024-11-19T14:56:23.440+0000] {logging_mixin.py:190} INFO - [2024-11-19T14:56:23.440+0000] {dag.py:4180} INFO - Setting next_dagrun for fetch_and_store_amazon_books to None, run_after=None
[2024-11-19T14:56:23.468+0000] {processor.py:208} INFO - Processing /opt/airflow/dags/dag.py took 0.382 seconds
[2024-11-19T14:56:25.347+0000] {processor.py:186} INFO - Started process (PID=2286) to work on /opt/airflow/dags/dag.py
[2024-11-19T14:56:25.349+0000] {processor.py:914} INFO - Processing file /opt/airflow/dags/dag.py for tasks to queue
[2024-11-19T14:56:25.350+0000] {logging_mixin.py:190} INFO - [2024-11-19T14:56:25.350+0000] {dagbag.py:588} INFO - Filling up the DagBag from /opt/airflow/dags/dag.py
[2024-11-19T14:56:25.473+0000] {processor.py:925} INFO - DAG(s) 'fetch_and_store_amazon_books' retrieved from /opt/airflow/dags/dag.py
[2024-11-19T14:56:25.508+0000] {logging_mixin.py:190} INFO - [2024-11-19T14:56:25.507+0000] {dag.py:3239} INFO - Sync 1 DAGs
[2024-11-19T14:56:25.540+0000] {logging_mixin.py:190} INFO - [2024-11-19T14:56:25.540+0000] {dag.py:4180} INFO - Setting next_dagrun for fetch_and_store_amazon_books to None, run_after=None
[2024-11-19T14:56:25.557+0000] {processor.py:208} INFO - Processing /opt/airflow/dags/dag.py took 0.220 seconds
[2024-11-19T14:56:26.612+0000] {processor.py:186} INFO - Started process (PID=2287) to work on /opt/airflow/dags/dag.py
[2024-11-19T14:56:26.620+0000] {processor.py:914} INFO - Processing file /opt/airflow/dags/dag.py for tasks to queue
[2024-11-19T14:56:26.624+0000] {logging_mixin.py:190} INFO - [2024-11-19T14:56:26.623+0000] {dagbag.py:588} INFO - Filling up the DagBag from /opt/airflow/dags/dag.py
[2024-11-19T14:56:26.775+0000] {processor.py:925} INFO - DAG(s) 'fetch_and_store_amazon_books' retrieved from /opt/airflow/dags/dag.py
[2024-11-19T14:56:26.802+0000] {logging_mixin.py:190} INFO - [2024-11-19T14:56:26.802+0000] {dag.py:3239} INFO - Sync 1 DAGs
[2024-11-19T14:56:26.822+0000] {logging_mixin.py:190} INFO - [2024-11-19T14:56:26.821+0000] {dag.py:4180} INFO - Setting next_dagrun for fetch_and_store_amazon_books to None, run_after=None
[2024-11-19T14:56:26.850+0000] {processor.py:208} INFO - Processing /opt/airflow/dags/dag.py took 0.253 seconds
[2024-11-19T14:56:29.718+0000] {processor.py:186} INFO - Started process (PID=2322) to work on /opt/airflow/dags/dag.py
[2024-11-19T14:56:29.719+0000] {processor.py:914} INFO - Processing file /opt/airflow/dags/dag.py for tasks to queue
[2024-11-19T14:56:29.721+0000] {logging_mixin.py:190} INFO - [2024-11-19T14:56:29.721+0000] {dagbag.py:588} INFO - Filling up the DagBag from /opt/airflow/dags/dag.py
[2024-11-19T14:56:29.873+0000] {processor.py:925} INFO - DAG(s) 'fetch_and_store_amazon_books' retrieved from /opt/airflow/dags/dag.py
[2024-11-19T14:56:29.891+0000] {logging_mixin.py:190} INFO - [2024-11-19T14:56:29.891+0000] {dag.py:3239} INFO - Sync 1 DAGs
[2024-11-19T14:56:29.903+0000] {logging_mixin.py:190} INFO - [2024-11-19T14:56:29.903+0000] {dag.py:4180} INFO - Setting next_dagrun for fetch_and_store_amazon_books to None, run_after=None
[2024-11-19T14:56:29.924+0000] {processor.py:208} INFO - Processing /opt/airflow/dags/dag.py took 0.211 seconds
[2024-11-19T14:56:34.065+0000] {processor.py:186} INFO - Started process (PID=2344) to work on /opt/airflow/dags/dag.py
[2024-11-19T14:56:34.068+0000] {processor.py:914} INFO - Processing file /opt/airflow/dags/dag.py for tasks to queue
[2024-11-19T14:56:34.069+0000] {logging_mixin.py:190} INFO - [2024-11-19T14:56:34.069+0000] {dagbag.py:588} INFO - Filling up the DagBag from /opt/airflow/dags/dag.py
[2024-11-19T14:56:34.076+0000] {logging_mixin.py:190} INFO - [2024-11-19T14:56:34.074+0000] {dagbag.py:387} ERROR - Failed to import: /opt/airflow/dags/dag.py
Traceback (most recent call last):
  File "/home/airflow/.local/lib/python3.12/site-packages/airflow/models/dagbag.py", line 383, in parse
    loader.exec_module(new_module)
  File "<frozen importlib._bootstrap_external>", line 991, in exec_module
  File "<frozen importlib._bootstrap_external>", line 1129, in get_code
  File "<frozen importlib._bootstrap_external>", line 1059, in source_to_code
  File "<frozen importlib._bootstrap>", line 488, in _call_with_frames_removed
  File "/opt/airflow/dags/dag.py", line 27
    book_containers = 
                      ^
SyntaxError: invalid syntax
[2024-11-19T14:56:34.076+0000] {processor.py:927} WARNING - No viable dags retrieved from /opt/airflow/dags/dag.py
[2024-11-19T14:56:34.111+0000] {processor.py:208} INFO - Processing /opt/airflow/dags/dag.py took 0.075 seconds
[2024-11-19T14:56:36.186+0000] {processor.py:186} INFO - Started process (PID=2345) to work on /opt/airflow/dags/dag.py
[2024-11-19T14:56:36.188+0000] {processor.py:914} INFO - Processing file /opt/airflow/dags/dag.py for tasks to queue
[2024-11-19T14:56:36.190+0000] {logging_mixin.py:190} INFO - [2024-11-19T14:56:36.189+0000] {dagbag.py:588} INFO - Filling up the DagBag from /opt/airflow/dags/dag.py
[2024-11-19T14:56:36.327+0000] {processor.py:925} INFO - DAG(s) 'fetch_and_store_amazon_books' retrieved from /opt/airflow/dags/dag.py
[2024-11-19T14:56:36.393+0000] {logging_mixin.py:190} INFO - [2024-11-19T14:56:36.392+0000] {dag.py:3239} INFO - Sync 1 DAGs
[2024-11-19T14:56:36.417+0000] {logging_mixin.py:190} INFO - [2024-11-19T14:56:36.417+0000] {dag.py:4180} INFO - Setting next_dagrun for fetch_and_store_amazon_books to None, run_after=None
[2024-11-19T14:56:36.431+0000] {processor.py:208} INFO - Processing /opt/airflow/dags/dag.py took 0.255 seconds
[2024-11-19T14:56:42.331+0000] {processor.py:186} INFO - Started process (PID=2346) to work on /opt/airflow/dags/dag.py
[2024-11-19T14:56:42.333+0000] {processor.py:914} INFO - Processing file /opt/airflow/dags/dag.py for tasks to queue
[2024-11-19T14:56:42.334+0000] {logging_mixin.py:190} INFO - [2024-11-19T14:56:42.334+0000] {dagbag.py:588} INFO - Filling up the DagBag from /opt/airflow/dags/dag.py
[2024-11-19T14:56:42.445+0000] {processor.py:925} INFO - DAG(s) 'fetch_and_store_amazon_books' retrieved from /opt/airflow/dags/dag.py
[2024-11-19T14:56:42.480+0000] {logging_mixin.py:190} INFO - [2024-11-19T14:56:42.480+0000] {dag.py:3239} INFO - Sync 1 DAGs
[2024-11-19T14:56:42.497+0000] {logging_mixin.py:190} INFO - [2024-11-19T14:56:42.496+0000] {dag.py:4180} INFO - Setting next_dagrun for fetch_and_store_amazon_books to None, run_after=None
[2024-11-19T14:56:42.509+0000] {processor.py:208} INFO - Processing /opt/airflow/dags/dag.py took 0.192 seconds
[2024-11-19T14:56:44.612+0000] {processor.py:186} INFO - Started process (PID=2347) to work on /opt/airflow/dags/dag.py
[2024-11-19T14:56:44.614+0000] {processor.py:914} INFO - Processing file /opt/airflow/dags/dag.py for tasks to queue
[2024-11-19T14:56:44.616+0000] {logging_mixin.py:190} INFO - [2024-11-19T14:56:44.615+0000] {dagbag.py:588} INFO - Filling up the DagBag from /opt/airflow/dags/dag.py
[2024-11-19T14:56:44.713+0000] {processor.py:925} INFO - DAG(s) 'fetch_and_store_amazon_books' retrieved from /opt/airflow/dags/dag.py
[2024-11-19T14:56:44.731+0000] {logging_mixin.py:190} INFO - [2024-11-19T14:56:44.731+0000] {dag.py:3239} INFO - Sync 1 DAGs
[2024-11-19T14:56:44.755+0000] {logging_mixin.py:190} INFO - [2024-11-19T14:56:44.755+0000] {dag.py:4180} INFO - Setting next_dagrun for fetch_and_store_amazon_books to None, run_after=None
[2024-11-19T14:56:44.772+0000] {processor.py:208} INFO - Processing /opt/airflow/dags/dag.py took 0.170 seconds
[2024-11-19T14:56:46.827+0000] {processor.py:186} INFO - Started process (PID=2348) to work on /opt/airflow/dags/dag.py
[2024-11-19T14:56:47.010+0000] {processor.py:914} INFO - Processing file /opt/airflow/dags/dag.py for tasks to queue
[2024-11-19T14:56:47.026+0000] {logging_mixin.py:190} INFO - [2024-11-19T14:56:47.020+0000] {dagbag.py:588} INFO - Filling up the DagBag from /opt/airflow/dags/dag.py
[2024-11-19T14:56:47.055+0000] {logging_mixin.py:190} INFO - [2024-11-19T14:56:47.053+0000] {dagbag.py:387} ERROR - Failed to import: /opt/airflow/dags/dag.py
Traceback (most recent call last):
  File "/home/airflow/.local/lib/python3.12/site-packages/airflow/models/dagbag.py", line 383, in parse
    loader.exec_module(new_module)
  File "<frozen importlib._bootstrap_external>", line 991, in exec_module
  File "<frozen importlib._bootstrap_external>", line 1129, in get_code
  File "<frozen importlib._bootstrap_external>", line 1059, in source_to_code
  File "<frozen importlib._bootstrap>", line 488, in _call_with_frames_removed
  File "/opt/airflow/dags/dag.py", line 27
    book_containers = soup.find_all("div", {"class":})
                                                   ^
SyntaxError: expression expected after dictionary key and ':'
[2024-11-19T14:56:47.055+0000] {processor.py:927} WARNING - No viable dags retrieved from /opt/airflow/dags/dag.py
[2024-11-19T14:56:47.206+0000] {processor.py:208} INFO - Processing /opt/airflow/dags/dag.py took 0.397 seconds
[2024-11-19T14:56:48.910+0000] {processor.py:186} INFO - Started process (PID=2349) to work on /opt/airflow/dags/dag.py
[2024-11-19T14:56:48.912+0000] {processor.py:914} INFO - Processing file /opt/airflow/dags/dag.py for tasks to queue
[2024-11-19T14:56:48.914+0000] {logging_mixin.py:190} INFO - [2024-11-19T14:56:48.914+0000] {dagbag.py:588} INFO - Filling up the DagBag from /opt/airflow/dags/dag.py
[2024-11-19T14:56:49.026+0000] {processor.py:925} INFO - DAG(s) 'fetch_and_store_amazon_books' retrieved from /opt/airflow/dags/dag.py
[2024-11-19T14:56:49.117+0000] {logging_mixin.py:190} INFO - [2024-11-19T14:56:49.117+0000] {dag.py:3239} INFO - Sync 1 DAGs
[2024-11-19T14:56:49.143+0000] {logging_mixin.py:190} INFO - [2024-11-19T14:56:49.143+0000] {dag.py:4180} INFO - Setting next_dagrun for fetch_and_store_amazon_books to None, run_after=None
[2024-11-19T14:56:49.163+0000] {processor.py:208} INFO - Processing /opt/airflow/dags/dag.py took 0.282 seconds
[2024-11-19T14:56:51.400+0000] {processor.py:186} INFO - Started process (PID=2352) to work on /opt/airflow/dags/dag.py
[2024-11-19T14:56:51.401+0000] {processor.py:914} INFO - Processing file /opt/airflow/dags/dag.py for tasks to queue
[2024-11-19T14:56:51.402+0000] {logging_mixin.py:190} INFO - [2024-11-19T14:56:51.401+0000] {dagbag.py:588} INFO - Filling up the DagBag from /opt/airflow/dags/dag.py
[2024-11-19T14:56:51.459+0000] {processor.py:925} INFO - DAG(s) 'fetch_and_store_amazon_books' retrieved from /opt/airflow/dags/dag.py
[2024-11-19T14:56:51.498+0000] {logging_mixin.py:190} INFO - [2024-11-19T14:56:51.497+0000] {dag.py:3239} INFO - Sync 1 DAGs
[2024-11-19T14:56:51.523+0000] {logging_mixin.py:190} INFO - [2024-11-19T14:56:51.522+0000] {dag.py:4180} INFO - Setting next_dagrun for fetch_and_store_amazon_books to None, run_after=None
[2024-11-19T14:56:51.571+0000] {processor.py:208} INFO - Processing /opt/airflow/dags/dag.py took 0.173 seconds
[2024-11-19T14:56:53.688+0000] {processor.py:186} INFO - Started process (PID=2353) to work on /opt/airflow/dags/dag.py
[2024-11-19T14:56:53.690+0000] {processor.py:914} INFO - Processing file /opt/airflow/dags/dag.py for tasks to queue
[2024-11-19T14:56:53.692+0000] {logging_mixin.py:190} INFO - [2024-11-19T14:56:53.692+0000] {dagbag.py:588} INFO - Filling up the DagBag from /opt/airflow/dags/dag.py
[2024-11-19T14:56:53.789+0000] {processor.py:925} INFO - DAG(s) 'fetch_and_store_amazon_books' retrieved from /opt/airflow/dags/dag.py
[2024-11-19T14:56:53.848+0000] {logging_mixin.py:190} INFO - [2024-11-19T14:56:53.848+0000] {dag.py:3239} INFO - Sync 1 DAGs
[2024-11-19T14:56:53.869+0000] {logging_mixin.py:190} INFO - [2024-11-19T14:56:53.868+0000] {dag.py:4180} INFO - Setting next_dagrun for fetch_and_store_amazon_books to None, run_after=None
[2024-11-19T14:56:53.882+0000] {processor.py:208} INFO - Processing /opt/airflow/dags/dag.py took 0.206 seconds
[2024-11-19T14:57:05.725+0000] {processor.py:186} INFO - Started process (PID=2415) to work on /opt/airflow/dags/dag.py
[2024-11-19T14:57:05.726+0000] {processor.py:914} INFO - Processing file /opt/airflow/dags/dag.py for tasks to queue
[2024-11-19T14:57:05.727+0000] {logging_mixin.py:190} INFO - [2024-11-19T14:57:05.727+0000] {dagbag.py:588} INFO - Filling up the DagBag from /opt/airflow/dags/dag.py
[2024-11-19T14:57:05.730+0000] {logging_mixin.py:190} INFO - [2024-11-19T14:57:05.729+0000] {dagbag.py:387} ERROR - Failed to import: /opt/airflow/dags/dag.py
Traceback (most recent call last):
  File "/home/airflow/.local/lib/python3.12/site-packages/airflow/models/dagbag.py", line 383, in parse
    loader.exec_module(new_module)
  File "<frozen importlib._bootstrap_external>", line 991, in exec_module
  File "<frozen importlib._bootstrap_external>", line 1129, in get_code
  File "<frozen importlib._bootstrap_external>", line 1059, in source_to_code
  File "<frozen importlib._bootstrap>", line 488, in _call_with_frames_removed
  File "/opt/airflow/dags/dag.py", line 29
    for book in book
                    ^
SyntaxError: expected ':'
[2024-11-19T14:57:05.732+0000] {processor.py:927} WARNING - No viable dags retrieved from /opt/airflow/dags/dag.py
[2024-11-19T14:57:05.744+0000] {processor.py:208} INFO - Processing /opt/airflow/dags/dag.py took 0.024 seconds
[2024-11-19T14:57:10.915+0000] {processor.py:186} INFO - Started process (PID=2416) to work on /opt/airflow/dags/dag.py
[2024-11-19T14:57:10.918+0000] {processor.py:914} INFO - Processing file /opt/airflow/dags/dag.py for tasks to queue
[2024-11-19T14:57:10.920+0000] {logging_mixin.py:190} INFO - [2024-11-19T14:57:10.919+0000] {dagbag.py:588} INFO - Filling up the DagBag from /opt/airflow/dags/dag.py
[2024-11-19T14:57:10.929+0000] {logging_mixin.py:190} INFO - [2024-11-19T14:57:10.927+0000] {dagbag.py:387} ERROR - Failed to import: /opt/airflow/dags/dag.py
Traceback (most recent call last):
  File "/home/airflow/.local/lib/python3.12/site-packages/airflow/models/dagbag.py", line 383, in parse
    loader.exec_module(new_module)
  File "<frozen importlib._bootstrap_external>", line 991, in exec_module
  File "<frozen importlib._bootstrap_external>", line 1129, in get_code
  File "<frozen importlib._bootstrap_external>", line 1059, in source_to_code
  File "<frozen importlib._bootstrap>", line 488, in _call_with_frames_removed
  File "/opt/airflow/dags/dag.py", line 30
    title=
          ^
SyntaxError: invalid syntax
[2024-11-19T14:57:10.929+0000] {processor.py:927} WARNING - No viable dags retrieved from /opt/airflow/dags/dag.py
[2024-11-19T14:57:10.975+0000] {processor.py:208} INFO - Processing /opt/airflow/dags/dag.py took 0.074 seconds
[2024-11-19T14:57:39.623+0000] {processor.py:186} INFO - Started process (PID=2480) to work on /opt/airflow/dags/dag.py
[2024-11-19T14:57:39.627+0000] {processor.py:914} INFO - Processing file /opt/airflow/dags/dag.py for tasks to queue
[2024-11-19T14:57:39.634+0000] {logging_mixin.py:190} INFO - [2024-11-19T14:57:39.632+0000] {dagbag.py:588} INFO - Filling up the DagBag from /opt/airflow/dags/dag.py
[2024-11-19T14:57:39.773+0000] {processor.py:925} INFO - DAG(s) 'fetch_and_store_amazon_books' retrieved from /opt/airflow/dags/dag.py
[2024-11-19T14:57:39.872+0000] {logging_mixin.py:190} INFO - [2024-11-19T14:57:39.871+0000] {dag.py:3239} INFO - Sync 1 DAGs
[2024-11-19T14:57:39.886+0000] {logging_mixin.py:190} INFO - [2024-11-19T14:57:39.886+0000] {dag.py:4180} INFO - Setting next_dagrun for fetch_and_store_amazon_books to 2024-06-20 00:00:00+00:00, run_after=2024-06-21 00:00:00+00:00
[2024-11-19T14:57:39.898+0000] {processor.py:208} INFO - Processing /opt/airflow/dags/dag.py took 0.286 seconds
[2024-11-19T14:58:10.169+0000] {processor.py:186} INFO - Started process (PID=2544) to work on /opt/airflow/dags/dag.py
[2024-11-19T14:58:10.172+0000] {processor.py:914} INFO - Processing file /opt/airflow/dags/dag.py for tasks to queue
[2024-11-19T14:58:10.174+0000] {logging_mixin.py:190} INFO - [2024-11-19T14:58:10.173+0000] {dagbag.py:588} INFO - Filling up the DagBag from /opt/airflow/dags/dag.py
[2024-11-19T14:58:10.297+0000] {processor.py:925} INFO - DAG(s) 'fetch_and_store_amazon_books' retrieved from /opt/airflow/dags/dag.py
[2024-11-19T14:58:10.316+0000] {logging_mixin.py:190} INFO - [2024-11-19T14:58:10.316+0000] {dag.py:3239} INFO - Sync 1 DAGs
[2024-11-19T14:58:10.349+0000] {logging_mixin.py:190} INFO - [2024-11-19T14:58:10.348+0000] {dag.py:4180} INFO - Setting next_dagrun for fetch_and_store_amazon_books to 2024-06-20 00:00:00+00:00, run_after=2024-06-21 00:00:00+00:00
[2024-11-19T14:58:10.360+0000] {processor.py:208} INFO - Processing /opt/airflow/dags/dag.py took 0.204 seconds
[2024-11-19T14:58:40.550+0000] {processor.py:186} INFO - Started process (PID=2608) to work on /opt/airflow/dags/dag.py
[2024-11-19T14:58:40.553+0000] {processor.py:914} INFO - Processing file /opt/airflow/dags/dag.py for tasks to queue
[2024-11-19T14:58:40.554+0000] {logging_mixin.py:190} INFO - [2024-11-19T14:58:40.554+0000] {dagbag.py:588} INFO - Filling up the DagBag from /opt/airflow/dags/dag.py
[2024-11-19T14:58:40.644+0000] {processor.py:925} INFO - DAG(s) 'fetch_and_store_amazon_books' retrieved from /opt/airflow/dags/dag.py
[2024-11-19T14:58:40.662+0000] {logging_mixin.py:190} INFO - [2024-11-19T14:58:40.662+0000] {dag.py:3239} INFO - Sync 1 DAGs
[2024-11-19T14:58:40.677+0000] {logging_mixin.py:190} INFO - [2024-11-19T14:58:40.677+0000] {dag.py:4180} INFO - Setting next_dagrun for fetch_and_store_amazon_books to 2024-06-20 00:00:00+00:00, run_after=2024-06-21 00:00:00+00:00
[2024-11-19T14:58:40.686+0000] {processor.py:208} INFO - Processing /opt/airflow/dags/dag.py took 0.145 seconds
[2024-11-19T14:59:10.885+0000] {processor.py:186} INFO - Started process (PID=2672) to work on /opt/airflow/dags/dag.py
[2024-11-19T14:59:10.886+0000] {processor.py:914} INFO - Processing file /opt/airflow/dags/dag.py for tasks to queue
[2024-11-19T14:59:10.888+0000] {logging_mixin.py:190} INFO - [2024-11-19T14:59:10.887+0000] {dagbag.py:588} INFO - Filling up the DagBag from /opt/airflow/dags/dag.py
[2024-11-19T14:59:11.007+0000] {processor.py:925} INFO - DAG(s) 'fetch_and_store_amazon_books' retrieved from /opt/airflow/dags/dag.py
[2024-11-19T14:59:11.026+0000] {logging_mixin.py:190} INFO - [2024-11-19T14:59:11.026+0000] {dag.py:3239} INFO - Sync 1 DAGs
[2024-11-19T14:59:11.075+0000] {logging_mixin.py:190} INFO - [2024-11-19T14:59:11.075+0000] {dag.py:4180} INFO - Setting next_dagrun for fetch_and_store_amazon_books to 2024-06-20 00:00:00+00:00, run_after=2024-06-21 00:00:00+00:00
[2024-11-19T14:59:11.088+0000] {processor.py:208} INFO - Processing /opt/airflow/dags/dag.py took 0.209 seconds
[2024-11-19T14:59:41.358+0000] {processor.py:186} INFO - Started process (PID=2735) to work on /opt/airflow/dags/dag.py
[2024-11-19T14:59:41.360+0000] {processor.py:914} INFO - Processing file /opt/airflow/dags/dag.py for tasks to queue
[2024-11-19T14:59:41.362+0000] {logging_mixin.py:190} INFO - [2024-11-19T14:59:41.361+0000] {dagbag.py:588} INFO - Filling up the DagBag from /opt/airflow/dags/dag.py
[2024-11-19T14:59:41.456+0000] {processor.py:925} INFO - DAG(s) 'fetch_and_store_amazon_books' retrieved from /opt/airflow/dags/dag.py
[2024-11-19T14:59:41.483+0000] {logging_mixin.py:190} INFO - [2024-11-19T14:59:41.482+0000] {dag.py:3239} INFO - Sync 1 DAGs
[2024-11-19T14:59:41.502+0000] {logging_mixin.py:190} INFO - [2024-11-19T14:59:41.502+0000] {dag.py:4180} INFO - Setting next_dagrun for fetch_and_store_amazon_books to 2024-06-20 00:00:00+00:00, run_after=2024-06-21 00:00:00+00:00
[2024-11-19T14:59:41.516+0000] {processor.py:208} INFO - Processing /opt/airflow/dags/dag.py took 0.172 seconds
[2024-11-19T15:00:11.998+0000] {processor.py:186} INFO - Started process (PID=2798) to work on /opt/airflow/dags/dag.py
[2024-11-19T15:00:11.999+0000] {processor.py:914} INFO - Processing file /opt/airflow/dags/dag.py for tasks to queue
[2024-11-19T15:00:12.000+0000] {logging_mixin.py:190} INFO - [2024-11-19T15:00:12.000+0000] {dagbag.py:588} INFO - Filling up the DagBag from /opt/airflow/dags/dag.py
[2024-11-19T15:00:12.111+0000] {processor.py:925} INFO - DAG(s) 'fetch_and_store_amazon_books' retrieved from /opt/airflow/dags/dag.py
[2024-11-19T15:00:12.140+0000] {logging_mixin.py:190} INFO - [2024-11-19T15:00:12.140+0000] {dag.py:3239} INFO - Sync 1 DAGs
[2024-11-19T15:00:12.763+0000] {logging_mixin.py:190} INFO - [2024-11-19T15:00:12.762+0000] {dag.py:4180} INFO - Setting next_dagrun for fetch_and_store_amazon_books to 2024-06-20 00:00:00+00:00, run_after=2024-06-21 00:00:00+00:00
[2024-11-19T15:00:12.805+0000] {processor.py:208} INFO - Processing /opt/airflow/dags/dag.py took 0.811 seconds
[2024-11-19T15:00:29.714+0000] {processor.py:186} INFO - Started process (PID=2809) to work on /opt/airflow/dags/dag.py
[2024-11-19T15:00:29.717+0000] {processor.py:914} INFO - Processing file /opt/airflow/dags/dag.py for tasks to queue
[2024-11-19T15:00:29.719+0000] {logging_mixin.py:190} INFO - [2024-11-19T15:00:29.718+0000] {dagbag.py:588} INFO - Filling up the DagBag from /opt/airflow/dags/dag.py
[2024-11-19T15:00:29.881+0000] {logging_mixin.py:190} INFO - [2024-11-19T15:00:29.874+0000] {dagbag.py:484} ERROR - Failed to bag_dag: /opt/airflow/dags/dag.py
Traceback (most recent call last):
  File "/home/airflow/.local/lib/python3.12/site-packages/airflow/timetables/_cron.py", line 102, in validate
    croniter(self._expression)
  File "/home/airflow/.local/lib/python3.12/site-packages/croniter/croniter.py", line 271, in __init__
    self.expanded, self.nth_weekday_of_month = self.expand(
                                               ^^^^^^^^^^^^
  File "/home/airflow/.local/lib/python3.12/site-packages/croniter/croniter.py", line 1032, in expand
    return cls._expand(expr_format, hash_id=hash_id,
           ^^^^^^^^^^^^^^^^^^^^^^^^^^^^^^^^^^^^^^^^^
  File "/home/airflow/.local/lib/python3.12/site-packages/croniter/croniter.py", line 834, in _expand
    raise CroniterBadCronError(cls.bad_length)
croniter.croniter.CroniterBadCronError: Exactly 5, 6 or 7 columns has to be specified for iterator expression.

During handling of the above exception, another exception occurred:

Traceback (most recent call last):
  File "/home/airflow/.local/lib/python3.12/site-packages/airflow/models/dagbag.py", line 479, in _process_modules
    dag.validate()
  File "/home/airflow/.local/lib/python3.12/site-packages/airflow/models/dag.py", line 845, in validate
    self.timetable.validate()
  File "/home/airflow/.local/lib/python3.12/site-packages/airflow/timetables/_cron.py", line 104, in validate
    raise AirflowTimetableInvalid(str(e))
airflow.exceptions.AirflowTimetableInvalid: Exactly 5, 6 or 7 columns has to be specified for iterator expression.
[2024-11-19T15:00:29.881+0000] {processor.py:927} WARNING - No viable dags retrieved from /opt/airflow/dags/dag.py
[2024-11-19T15:00:29.920+0000] {processor.py:208} INFO - Processing /opt/airflow/dags/dag.py took 0.235 seconds
[2024-11-19T15:00:32.611+0000] {processor.py:186} INFO - Started process (PID=2821) to work on /opt/airflow/dags/dag.py
[2024-11-19T15:00:32.612+0000] {processor.py:914} INFO - Processing file /opt/airflow/dags/dag.py for tasks to queue
[2024-11-19T15:00:32.612+0000] {logging_mixin.py:190} INFO - [2024-11-19T15:00:32.612+0000] {dagbag.py:588} INFO - Filling up the DagBag from /opt/airflow/dags/dag.py
[2024-11-19T15:00:32.687+0000] {processor.py:925} INFO - DAG(s) 'fetch_and_store_amazon_books' retrieved from /opt/airflow/dags/dag.py
[2024-11-19T15:00:33.175+0000] {logging_mixin.py:190} INFO - [2024-11-19T15:00:33.174+0000] {dag.py:3239} INFO - Sync 1 DAGs
[2024-11-19T15:00:33.188+0000] {logging_mixin.py:190} INFO - [2024-11-19T15:00:33.188+0000] {dag.py:4180} INFO - Setting next_dagrun for fetch_and_store_amazon_books to 2024-06-20 00:00:00+00:00, run_after=2024-06-20 00:05:00+00:00
[2024-11-19T15:00:33.201+0000] {processor.py:208} INFO - Processing /opt/airflow/dags/dag.py took 0.593 seconds
[2024-11-19T15:00:35.423+0000] {processor.py:186} INFO - Started process (PID=2824) to work on /opt/airflow/dags/dag.py
[2024-11-19T15:00:35.429+0000] {processor.py:914} INFO - Processing file /opt/airflow/dags/dag.py for tasks to queue
[2024-11-19T15:00:35.433+0000] {logging_mixin.py:190} INFO - [2024-11-19T15:00:35.433+0000] {dagbag.py:588} INFO - Filling up the DagBag from /opt/airflow/dags/dag.py
[2024-11-19T15:00:35.590+0000] {processor.py:925} INFO - DAG(s) 'fetch_and_store_amazon_books' retrieved from /opt/airflow/dags/dag.py
[2024-11-19T15:00:35.608+0000] {logging_mixin.py:190} INFO - [2024-11-19T15:00:35.603+0000] {dag.py:3239} INFO - Sync 1 DAGs
[2024-11-19T15:00:35.629+0000] {logging_mixin.py:190} INFO - [2024-11-19T15:00:35.629+0000] {dag.py:4180} INFO - Setting next_dagrun for fetch_and_store_amazon_books to 2024-06-20 00:00:00+00:00, run_after=2024-06-20 00:02:00+00:00
[2024-11-19T15:00:35.669+0000] {processor.py:208} INFO - Processing /opt/airflow/dags/dag.py took 0.289 seconds
[2024-11-19T15:00:42.540+0000] {processor.py:186} INFO - Started process (PID=2844) to work on /opt/airflow/dags/dag.py
[2024-11-19T15:00:42.542+0000] {processor.py:914} INFO - Processing file /opt/airflow/dags/dag.py for tasks to queue
[2024-11-19T15:00:42.544+0000] {logging_mixin.py:190} INFO - [2024-11-19T15:00:42.543+0000] {dagbag.py:588} INFO - Filling up the DagBag from /opt/airflow/dags/dag.py
[2024-11-19T15:00:42.696+0000] {processor.py:925} INFO - DAG(s) 'fetch_and_store_amazon_books' retrieved from /opt/airflow/dags/dag.py
[2024-11-19T15:00:42.724+0000] {logging_mixin.py:190} INFO - [2024-11-19T15:00:42.722+0000] {dag.py:3239} INFO - Sync 1 DAGs
[2024-11-19T15:00:42.748+0000] {logging_mixin.py:190} INFO - [2024-11-19T15:00:42.748+0000] {dag.py:4180} INFO - Setting next_dagrun for fetch_and_store_amazon_books to 2024-06-20 00:00:00+00:00, run_after=2024-06-20 00:02:00+00:00
[2024-11-19T15:00:42.773+0000] {processor.py:208} INFO - Processing /opt/airflow/dags/dag.py took 0.240 seconds
[2024-11-19T15:01:13.206+0000] {processor.py:186} INFO - Started process (PID=2900) to work on /opt/airflow/dags/dag.py
[2024-11-19T15:01:13.208+0000] {processor.py:914} INFO - Processing file /opt/airflow/dags/dag.py for tasks to queue
[2024-11-19T15:01:13.209+0000] {logging_mixin.py:190} INFO - [2024-11-19T15:01:13.208+0000] {dagbag.py:588} INFO - Filling up the DagBag from /opt/airflow/dags/dag.py
[2024-11-19T15:01:13.561+0000] {processor.py:925} INFO - DAG(s) 'fetch_and_store_amazon_books' retrieved from /opt/airflow/dags/dag.py
[2024-11-19T15:01:14.199+0000] {logging_mixin.py:190} INFO - [2024-11-19T15:01:14.198+0000] {dag.py:3239} INFO - Sync 1 DAGs
[2024-11-19T15:01:14.244+0000] {logging_mixin.py:190} INFO - [2024-11-19T15:01:14.244+0000] {dag.py:4180} INFO - Setting next_dagrun for fetch_and_store_amazon_books to 2024-06-20 00:02:00+00:00, run_after=2024-06-20 00:04:00+00:00
[2024-11-19T15:01:14.282+0000] {processor.py:208} INFO - Processing /opt/airflow/dags/dag.py took 1.083 seconds
[2024-11-19T15:02:01.838+0000] {processor.py:186} INFO - Started process (PID=2946) to work on /opt/airflow/dags/dag.py
[2024-11-19T15:02:01.846+0000] {processor.py:914} INFO - Processing file /opt/airflow/dags/dag.py for tasks to queue
[2024-11-19T15:02:01.848+0000] {logging_mixin.py:190} INFO - [2024-11-19T15:02:01.848+0000] {dagbag.py:588} INFO - Filling up the DagBag from /opt/airflow/dags/dag.py
[2024-11-19T15:02:04.221+0000] {processor.py:925} INFO - DAG(s) 'fetch_and_store_amazon_books' retrieved from /opt/airflow/dags/dag.py
[2024-11-19T15:02:04.741+0000] {logging_mixin.py:190} INFO - [2024-11-19T15:02:04.735+0000] {dag.py:3239} INFO - Sync 1 DAGs
[2024-11-19T15:02:05.107+0000] {processor.py:208} INFO - Processing /opt/airflow/dags/dag.py took 3.321 seconds
[2024-11-19T15:11:37.626+0000] {processor.py:186} INFO - Started process (PID=65) to work on /opt/airflow/dags/dag.py
[2024-11-19T15:11:37.628+0000] {processor.py:914} INFO - Processing file /opt/airflow/dags/dag.py for tasks to queue
[2024-11-19T15:11:37.639+0000] {logging_mixin.py:190} INFO - [2024-11-19T15:11:37.637+0000] {dagbag.py:588} INFO - Filling up the DagBag from /opt/airflow/dags/dag.py
[2024-11-19T15:11:38.028+0000] {processor.py:925} INFO - DAG(s) 'fetch_and_store_amazon_books' retrieved from /opt/airflow/dags/dag.py
[2024-11-19T15:11:38.444+0000] {logging_mixin.py:190} INFO - [2024-11-19T15:11:38.440+0000] {dag.py:3239} INFO - Sync 1 DAGs
[2024-11-19T15:11:38.575+0000] {processor.py:208} INFO - Processing /opt/airflow/dags/dag.py took 0.957 seconds
[2024-11-19T15:12:08.955+0000] {processor.py:186} INFO - Started process (PID=129) to work on /opt/airflow/dags/dag.py
[2024-11-19T15:12:08.962+0000] {processor.py:914} INFO - Processing file /opt/airflow/dags/dag.py for tasks to queue
[2024-11-19T15:12:08.969+0000] {logging_mixin.py:190} INFO - [2024-11-19T15:12:08.968+0000] {dagbag.py:588} INFO - Filling up the DagBag from /opt/airflow/dags/dag.py
[2024-11-19T15:12:09.219+0000] {processor.py:925} INFO - DAG(s) 'fetch_and_store_amazon_books' retrieved from /opt/airflow/dags/dag.py
[2024-11-19T15:12:09.274+0000] {logging_mixin.py:190} INFO - [2024-11-19T15:12:09.273+0000] {dag.py:3239} INFO - Sync 1 DAGs
[2024-11-19T15:12:09.319+0000] {processor.py:208} INFO - Processing /opt/airflow/dags/dag.py took 0.395 seconds
[2024-11-19T15:12:39.727+0000] {processor.py:186} INFO - Started process (PID=193) to work on /opt/airflow/dags/dag.py
[2024-11-19T15:12:39.733+0000] {processor.py:914} INFO - Processing file /opt/airflow/dags/dag.py for tasks to queue
[2024-11-19T15:12:39.748+0000] {logging_mixin.py:190} INFO - [2024-11-19T15:12:39.747+0000] {dagbag.py:588} INFO - Filling up the DagBag from /opt/airflow/dags/dag.py
[2024-11-19T15:12:39.883+0000] {processor.py:925} INFO - DAG(s) 'fetch_and_store_amazon_books' retrieved from /opt/airflow/dags/dag.py
[2024-11-19T15:12:39.906+0000] {logging_mixin.py:190} INFO - [2024-11-19T15:12:39.904+0000] {dag.py:3239} INFO - Sync 1 DAGs
[2024-11-19T15:12:39.952+0000] {processor.py:208} INFO - Processing /opt/airflow/dags/dag.py took 0.238 seconds
[2024-11-19T15:13:10.655+0000] {processor.py:186} INFO - Started process (PID=257) to work on /opt/airflow/dags/dag.py
[2024-11-19T15:13:10.658+0000] {processor.py:914} INFO - Processing file /opt/airflow/dags/dag.py for tasks to queue
[2024-11-19T15:13:10.667+0000] {logging_mixin.py:190} INFO - [2024-11-19T15:13:10.665+0000] {dagbag.py:588} INFO - Filling up the DagBag from /opt/airflow/dags/dag.py
[2024-11-19T15:13:10.776+0000] {processor.py:925} INFO - DAG(s) 'fetch_and_store_amazon_books' retrieved from /opt/airflow/dags/dag.py
[2024-11-19T15:13:10.793+0000] {logging_mixin.py:190} INFO - [2024-11-19T15:13:10.792+0000] {dag.py:3239} INFO - Sync 1 DAGs
[2024-11-19T15:13:10.818+0000] {processor.py:208} INFO - Processing /opt/airflow/dags/dag.py took 0.177 seconds
[2024-11-19T15:13:41.784+0000] {processor.py:186} INFO - Started process (PID=321) to work on /opt/airflow/dags/dag.py
[2024-11-19T15:13:41.789+0000] {processor.py:914} INFO - Processing file /opt/airflow/dags/dag.py for tasks to queue
[2024-11-19T15:13:41.798+0000] {logging_mixin.py:190} INFO - [2024-11-19T15:13:41.798+0000] {dagbag.py:588} INFO - Filling up the DagBag from /opt/airflow/dags/dag.py
[2024-11-19T15:13:41.898+0000] {processor.py:925} INFO - DAG(s) 'fetch_and_store_amazon_books' retrieved from /opt/airflow/dags/dag.py
[2024-11-19T15:13:41.910+0000] {logging_mixin.py:190} INFO - [2024-11-19T15:13:41.909+0000] {dag.py:3239} INFO - Sync 1 DAGs
[2024-11-19T15:13:41.939+0000] {processor.py:208} INFO - Processing /opt/airflow/dags/dag.py took 0.168 seconds
[2024-11-19T15:14:08.494+0000] {processor.py:186} INFO - Started process (PID=385) to work on /opt/airflow/dags/dag.py
[2024-11-19T15:14:08.496+0000] {processor.py:914} INFO - Processing file /opt/airflow/dags/dag.py for tasks to queue
[2024-11-19T15:14:08.525+0000] {logging_mixin.py:190} INFO - [2024-11-19T15:14:08.523+0000] {dagbag.py:588} INFO - Filling up the DagBag from /opt/airflow/dags/dag.py
[2024-11-19T15:14:08.840+0000] {processor.py:925} INFO - DAG(s) 'fetch_and_store_amazon_books' retrieved from /opt/airflow/dags/dag.py
[2024-11-19T15:14:08.922+0000] {logging_mixin.py:190} INFO - [2024-11-19T15:14:08.920+0000] {dag.py:3239} INFO - Sync 1 DAGs
[2024-11-19T15:14:08.961+0000] {processor.py:208} INFO - Processing /opt/airflow/dags/dag.py took 0.474 seconds
[2024-11-19T15:14:39.794+0000] {processor.py:186} INFO - Started process (PID=449) to work on /opt/airflow/dags/dag.py
[2024-11-19T15:14:39.796+0000] {processor.py:914} INFO - Processing file /opt/airflow/dags/dag.py for tasks to queue
[2024-11-19T15:14:39.804+0000] {logging_mixin.py:190} INFO - [2024-11-19T15:14:39.803+0000] {dagbag.py:588} INFO - Filling up the DagBag from /opt/airflow/dags/dag.py
[2024-11-19T15:14:40.066+0000] {processor.py:925} INFO - DAG(s) 'fetch_and_store_amazon_books' retrieved from /opt/airflow/dags/dag.py
[2024-11-19T15:14:40.098+0000] {logging_mixin.py:190} INFO - [2024-11-19T15:14:40.098+0000] {dag.py:3239} INFO - Sync 1 DAGs
[2024-11-19T15:14:40.142+0000] {processor.py:208} INFO - Processing /opt/airflow/dags/dag.py took 0.374 seconds
[2024-11-19T15:14:52.189+0000] {processor.py:186} INFO - Started process (PID=478) to work on /opt/airflow/dags/dag.py
[2024-11-19T15:14:52.196+0000] {processor.py:914} INFO - Processing file /opt/airflow/dags/dag.py for tasks to queue
[2024-11-19T15:14:52.204+0000] {logging_mixin.py:190} INFO - [2024-11-19T15:14:52.204+0000] {dagbag.py:588} INFO - Filling up the DagBag from /opt/airflow/dags/dag.py
[2024-11-19T15:14:52.330+0000] {processor.py:925} INFO - DAG(s) 'fetch_and_store_amazon_books2' retrieved from /opt/airflow/dags/dag.py
[2024-11-19T15:14:52.429+0000] {logging_mixin.py:190} INFO - [2024-11-19T15:14:52.428+0000] {override.py:1911} INFO - Created Permission View: can read on DAG:fetch_and_store_amazon_books2
[2024-11-19T15:14:52.433+0000] {logging_mixin.py:190} INFO - [2024-11-19T15:14:52.433+0000] {override.py:1911} INFO - Created Permission View: can edit on DAG:fetch_and_store_amazon_books2
[2024-11-19T15:14:52.437+0000] {logging_mixin.py:190} INFO - [2024-11-19T15:14:52.436+0000] {override.py:1911} INFO - Created Permission View: can delete on DAG:fetch_and_store_amazon_books2
[2024-11-19T15:14:52.440+0000] {logging_mixin.py:190} INFO - [2024-11-19T15:14:52.440+0000] {override.py:1911} INFO - Created Permission View: menu access on DAG Run:fetch_and_store_amazon_books2
[2024-11-19T15:14:52.443+0000] {logging_mixin.py:190} INFO - [2024-11-19T15:14:52.443+0000] {override.py:1911} INFO - Created Permission View: can read on DAG Run:fetch_and_store_amazon_books2
[2024-11-19T15:14:52.445+0000] {logging_mixin.py:190} INFO - [2024-11-19T15:14:52.445+0000] {override.py:1911} INFO - Created Permission View: can delete on DAG Run:fetch_and_store_amazon_books2
[2024-11-19T15:14:52.447+0000] {logging_mixin.py:190} INFO - [2024-11-19T15:14:52.447+0000] {override.py:1911} INFO - Created Permission View: can create on DAG Run:fetch_and_store_amazon_books2
[2024-11-19T15:14:52.448+0000] {logging_mixin.py:190} INFO - [2024-11-19T15:14:52.447+0000] {dag.py:3239} INFO - Sync 1 DAGs
[2024-11-19T15:14:52.456+0000] {logging_mixin.py:190} INFO - [2024-11-19T15:14:52.456+0000] {dag.py:3262} INFO - Creating ORM DAG for fetch_and_store_amazon_books2
[2024-11-19T15:14:52.464+0000] {logging_mixin.py:190} INFO - [2024-11-19T15:14:52.464+0000] {dag.py:4180} INFO - Setting next_dagrun for fetch_and_store_amazon_books2 to 2024-06-20 00:00:00+00:00, run_after=2024-06-21 00:00:00+00:00
[2024-11-19T15:14:52.495+0000] {processor.py:208} INFO - Processing /opt/airflow/dags/dag.py took 0.386 seconds
[2024-11-19T15:15:23.590+0000] {processor.py:186} INFO - Started process (PID=530) to work on /opt/airflow/dags/dag.py
[2024-11-19T15:15:23.603+0000] {processor.py:914} INFO - Processing file /opt/airflow/dags/dag.py for tasks to queue
[2024-11-19T15:15:23.636+0000] {logging_mixin.py:190} INFO - [2024-11-19T15:15:23.630+0000] {dagbag.py:588} INFO - Filling up the DagBag from /opt/airflow/dags/dag.py
[2024-11-19T15:15:25.687+0000] {processor.py:925} INFO - DAG(s) 'fetch_and_store_amazon_books2' retrieved from /opt/airflow/dags/dag.py
[2024-11-19T15:15:26.107+0000] {logging_mixin.py:190} INFO - [2024-11-19T15:15:26.098+0000] {dag.py:3239} INFO - Sync 1 DAGs
[2024-11-19T15:15:26.928+0000] {processor.py:208} INFO - Processing /opt/airflow/dags/dag.py took 3.417 seconds
[2024-11-19T15:17:23.111+0000] {processor.py:186} INFO - Started process (PID=555) to work on /opt/airflow/dags/dag.py
[2024-11-19T15:17:23.263+0000] {processor.py:914} INFO - Processing file /opt/airflow/dags/dag.py for tasks to queue
[2024-11-19T15:17:23.396+0000] {logging_mixin.py:190} INFO - [2024-11-19T15:17:23.394+0000] {dagbag.py:588} INFO - Filling up the DagBag from /opt/airflow/dags/dag.py
[2024-11-19T15:17:26.303+0000] {processor.py:925} INFO - DAG(s) 'fetch_and_store_amazon_books3' retrieved from /opt/airflow/dags/dag.py
[2024-11-19T15:17:57.709+0000] {logging_mixin.py:190} INFO - [2024-11-19T15:17:57.694+0000] {override.py:1911} INFO - Created Permission View: can read on DAG:fetch_and_store_amazon_books3
[2024-11-19T15:17:58.479+0000] {logging_mixin.py:190} INFO - [2024-11-19T15:17:58.358+0000] {override.py:1911} INFO - Created Permission View: can edit on DAG:fetch_and_store_amazon_books3
[2024-11-19T15:17:58.708+0000] {logging_mixin.py:190} INFO - [2024-11-19T15:17:58.707+0000] {override.py:1911} INFO - Created Permission View: can delete on DAG:fetch_and_store_amazon_books3
[2024-11-19T15:17:58.856+0000] {logging_mixin.py:190} INFO - [2024-11-19T15:17:58.855+0000] {override.py:1911} INFO - Created Permission View: menu access on DAG Run:fetch_and_store_amazon_books3
[2024-11-19T15:17:59.302+0000] {logging_mixin.py:190} INFO - [2024-11-19T15:17:59.298+0000] {override.py:1911} INFO - Created Permission View: can read on DAG Run:fetch_and_store_amazon_books3
[2024-11-19T15:18:00.005+0000] {logging_mixin.py:190} INFO - [2024-11-19T15:17:59.896+0000] {override.py:1911} INFO - Created Permission View: can delete on DAG Run:fetch_and_store_amazon_books3
[2024-11-19T15:18:02.629+0000] {logging_mixin.py:190} INFO - [2024-11-19T15:18:02.592+0000] {override.py:1911} INFO - Created Permission View: can create on DAG Run:fetch_and_store_amazon_books3
[2024-11-19T15:18:02.716+0000] {logging_mixin.py:190} INFO - [2024-11-19T15:18:02.664+0000] {dag.py:3239} INFO - Sync 1 DAGs
[2024-11-19T15:18:03.472+0000] {logging_mixin.py:190} INFO - [2024-11-19T15:18:03.449+0000] {dag.py:3262} INFO - Creating ORM DAG for fetch_and_store_amazon_books3
[2024-11-19T15:18:03.748+0000] {logging_mixin.py:190} INFO - [2024-11-19T15:18:03.746+0000] {dag.py:4180} INFO - Setting next_dagrun for fetch_and_store_amazon_books3 to 2024-11-19 00:00:00+00:00, run_after=2024-11-20 00:00:00+00:00
[2024-11-19T15:18:04.508+0000] {processor.py:208} INFO - Processing /opt/airflow/dags/dag.py took 41.513 seconds
[2024-11-19T15:21:38.794+0000] {processor.py:186} INFO - Started process (PID=74) to work on /opt/airflow/dags/dag.py
[2024-11-19T15:21:38.804+0000] {processor.py:914} INFO - Processing file /opt/airflow/dags/dag.py for tasks to queue
[2024-11-19T15:21:38.856+0000] {logging_mixin.py:190} INFO - [2024-11-19T15:21:38.852+0000] {dagbag.py:588} INFO - Filling up the DagBag from /opt/airflow/dags/dag.py
[2024-11-19T15:21:39.735+0000] {processor.py:925} INFO - DAG(s) 'fetch_and_store_amazon_books3' retrieved from /opt/airflow/dags/dag.py
[2024-11-19T15:21:39.887+0000] {logging_mixin.py:190} INFO - [2024-11-19T15:21:39.886+0000] {dag.py:3239} INFO - Sync 1 DAGs
[2024-11-19T15:21:40.050+0000] {logging_mixin.py:190} INFO - [2024-11-19T15:21:40.050+0000] {dag.py:4180} INFO - Setting next_dagrun for fetch_and_store_amazon_books3 to 2024-11-19 00:00:00+00:00, run_after=2024-11-20 00:00:00+00:00
[2024-11-19T15:21:40.217+0000] {processor.py:208} INFO - Processing /opt/airflow/dags/dag.py took 1.446 seconds
[2024-11-19T15:23:05.249+0000] {processor.py:186} INFO - Started process (PID=151) to work on /opt/airflow/dags/dag.py
[2024-11-19T15:23:05.263+0000] {processor.py:914} INFO - Processing file /opt/airflow/dags/dag.py for tasks to queue
[2024-11-19T15:23:05.323+0000] {logging_mixin.py:190} INFO - [2024-11-19T15:23:05.314+0000] {dagbag.py:588} INFO - Filling up the DagBag from /opt/airflow/dags/dag.py
[2024-11-19T15:23:06.183+0000] {processor.py:925} INFO - DAG(s) 'fetch_and_store_amazon_books3' retrieved from /opt/airflow/dags/dag.py
[2024-11-19T15:23:06.333+0000] {logging_mixin.py:190} INFO - [2024-11-19T15:23:06.331+0000] {dag.py:3239} INFO - Sync 1 DAGs
[2024-11-19T15:23:06.508+0000] {logging_mixin.py:190} INFO - [2024-11-19T15:23:06.507+0000] {dag.py:4180} INFO - Setting next_dagrun for fetch_and_store_amazon_books3 to 2024-11-19 00:00:00+00:00, run_after=2024-11-20 00:00:00+00:00
[2024-11-19T15:23:06.720+0000] {processor.py:208} INFO - Processing /opt/airflow/dags/dag.py took 1.670 seconds
[2024-11-19T15:23:51.662+0000] {processor.py:186} INFO - Started process (PID=190) to work on /opt/airflow/dags/dag.py
[2024-11-19T15:23:51.689+0000] {processor.py:914} INFO - Processing file /opt/airflow/dags/dag.py for tasks to queue
[2024-11-19T15:23:51.920+0000] {logging_mixin.py:190} INFO - [2024-11-19T15:23:51.794+0000] {dagbag.py:588} INFO - Filling up the DagBag from /opt/airflow/dags/dag.py
[2024-11-19T15:23:54.489+0000] {processor.py:925} INFO - DAG(s) 'fetch_and_store_amazon_books3' retrieved from /opt/airflow/dags/dag.py
[2024-11-19T15:23:55.015+0000] {logging_mixin.py:190} INFO - [2024-11-19T15:23:55.010+0000] {dag.py:3239} INFO - Sync 1 DAGs
[2024-11-19T15:23:55.840+0000] {logging_mixin.py:190} INFO - [2024-11-19T15:23:55.788+0000] {dag.py:4180} INFO - Setting next_dagrun for fetch_and_store_amazon_books3 to 2024-11-19 00:00:00+00:00, run_after=2024-11-20 00:00:00+00:00
[2024-11-19T15:23:56.243+0000] {processor.py:208} INFO - Processing /opt/airflow/dags/dag.py took 4.888 seconds
[2024-11-19T15:24:43.461+0000] {processor.py:186} INFO - Started process (PID=246) to work on /opt/airflow/dags/dag.py
[2024-11-19T15:24:43.467+0000] {processor.py:914} INFO - Processing file /opt/airflow/dags/dag.py for tasks to queue
[2024-11-19T15:24:43.477+0000] {logging_mixin.py:190} INFO - [2024-11-19T15:24:43.476+0000] {dagbag.py:588} INFO - Filling up the DagBag from /opt/airflow/dags/dag.py
[2024-11-19T15:24:44.121+0000] {processor.py:925} INFO - DAG(s) 'fetch_and_store_amazon_books3' retrieved from /opt/airflow/dags/dag.py
[2024-11-19T15:24:44.264+0000] {logging_mixin.py:190} INFO - [2024-11-19T15:24:44.248+0000] {dag.py:3239} INFO - Sync 1 DAGs
[2024-11-19T15:24:44.420+0000] {logging_mixin.py:190} INFO - [2024-11-19T15:24:44.418+0000] {dag.py:4180} INFO - Setting next_dagrun for fetch_and_store_amazon_books3 to 2024-11-19 00:00:00+00:00, run_after=2024-11-20 00:00:00+00:00
[2024-11-19T15:24:44.560+0000] {processor.py:208} INFO - Processing /opt/airflow/dags/dag.py took 1.110 seconds
[2024-11-19T15:25:15.290+0000] {processor.py:186} INFO - Started process (PID=287) to work on /opt/airflow/dags/dag.py
[2024-11-19T15:25:15.293+0000] {processor.py:914} INFO - Processing file /opt/airflow/dags/dag.py for tasks to queue
[2024-11-19T15:25:15.332+0000] {logging_mixin.py:190} INFO - [2024-11-19T15:25:15.331+0000] {dagbag.py:588} INFO - Filling up the DagBag from /opt/airflow/dags/dag.py
[2024-11-19T15:25:15.955+0000] {processor.py:925} INFO - DAG(s) 'fetch_and_store_amazon_books3' retrieved from /opt/airflow/dags/dag.py
[2024-11-19T15:25:16.112+0000] {logging_mixin.py:190} INFO - [2024-11-19T15:25:16.111+0000] {dag.py:3239} INFO - Sync 1 DAGs
[2024-11-19T15:25:16.227+0000] {logging_mixin.py:190} INFO - [2024-11-19T15:25:16.224+0000] {dag.py:4180} INFO - Setting next_dagrun for fetch_and_store_amazon_books3 to 2024-11-19 00:00:00+00:00, run_after=2024-11-20 00:00:00+00:00
[2024-11-19T15:25:16.284+0000] {processor.py:208} INFO - Processing /opt/airflow/dags/dag.py took 1.020 seconds
[2024-11-19T15:25:59.264+0000] {processor.py:186} INFO - Started process (PID=350) to work on /opt/airflow/dags/dag.py
[2024-11-19T15:25:59.285+0000] {processor.py:914} INFO - Processing file /opt/airflow/dags/dag.py for tasks to queue
[2024-11-19T15:25:59.292+0000] {logging_mixin.py:190} INFO - [2024-11-19T15:25:59.289+0000] {dagbag.py:588} INFO - Filling up the DagBag from /opt/airflow/dags/dag.py
[2024-11-19T15:26:00.447+0000] {processor.py:925} INFO - DAG(s) 'fetch_and_store_amazon_books3' retrieved from /opt/airflow/dags/dag.py
[2024-11-19T15:26:01.235+0000] {logging_mixin.py:190} INFO - [2024-11-19T15:26:01.219+0000] {dag.py:3239} INFO - Sync 1 DAGs
[2024-11-19T15:26:01.656+0000] {logging_mixin.py:190} INFO - [2024-11-19T15:26:01.655+0000] {dag.py:4180} INFO - Setting next_dagrun for fetch_and_store_amazon_books3 to 2024-11-19 00:00:00+00:00, run_after=2024-11-20 00:00:00+00:00
[2024-11-19T15:26:01.894+0000] {processor.py:208} INFO - Processing /opt/airflow/dags/dag.py took 2.749 seconds
[2024-11-19T15:26:44.791+0000] {processor.py:186} INFO - Started process (PID=415) to work on /opt/airflow/dags/dag.py
[2024-11-19T15:26:44.796+0000] {processor.py:914} INFO - Processing file /opt/airflow/dags/dag.py for tasks to queue
[2024-11-19T15:26:44.802+0000] {logging_mixin.py:190} INFO - [2024-11-19T15:26:44.801+0000] {dagbag.py:588} INFO - Filling up the DagBag from /opt/airflow/dags/dag.py
[2024-11-19T15:26:45.241+0000] {processor.py:925} INFO - DAG(s) 'fetch_and_store_amazon_books3' retrieved from /opt/airflow/dags/dag.py
[2024-11-19T15:26:45.317+0000] {logging_mixin.py:190} INFO - [2024-11-19T15:26:45.316+0000] {dag.py:3239} INFO - Sync 1 DAGs
[2024-11-19T15:26:45.461+0000] {logging_mixin.py:190} INFO - [2024-11-19T15:26:45.438+0000] {dag.py:4180} INFO - Setting next_dagrun for fetch_and_store_amazon_books3 to 2024-11-19 00:00:00+00:00, run_after=2024-11-20 00:00:00+00:00
[2024-11-19T15:26:45.636+0000] {processor.py:208} INFO - Processing /opt/airflow/dags/dag.py took 0.862 seconds
[2024-11-19T15:27:26.738+0000] {processor.py:186} INFO - Started process (PID=466) to work on /opt/airflow/dags/dag.py
[2024-11-19T15:27:26.742+0000] {processor.py:914} INFO - Processing file /opt/airflow/dags/dag.py for tasks to queue
[2024-11-19T15:27:26.752+0000] {logging_mixin.py:190} INFO - [2024-11-19T15:27:26.751+0000] {dagbag.py:588} INFO - Filling up the DagBag from /opt/airflow/dags/dag.py
[2024-11-19T15:27:27.576+0000] {processor.py:925} INFO - DAG(s) 'fetch_and_store_amazon_books3' retrieved from /opt/airflow/dags/dag.py
[2024-11-19T15:27:27.786+0000] {logging_mixin.py:190} INFO - [2024-11-19T15:27:27.779+0000] {dag.py:3239} INFO - Sync 1 DAGs
[2024-11-19T15:27:27.923+0000] {logging_mixin.py:190} INFO - [2024-11-19T15:27:27.918+0000] {dag.py:4180} INFO - Setting next_dagrun for fetch_and_store_amazon_books3 to 2024-11-19 00:00:00+00:00, run_after=2024-11-20 00:00:00+00:00
[2024-11-19T15:27:28.061+0000] {processor.py:208} INFO - Processing /opt/airflow/dags/dag.py took 1.357 seconds
[2024-11-19T15:28:19.815+0000] {processor.py:186} INFO - Started process (PID=518) to work on /opt/airflow/dags/dag.py
[2024-11-19T15:28:19.818+0000] {processor.py:914} INFO - Processing file /opt/airflow/dags/dag.py for tasks to queue
[2024-11-19T15:28:19.821+0000] {logging_mixin.py:190} INFO - [2024-11-19T15:28:19.820+0000] {dagbag.py:588} INFO - Filling up the DagBag from /opt/airflow/dags/dag.py
[2024-11-19T15:28:20.953+0000] {processor.py:925} INFO - DAG(s) 'fetch_and_store_amazon_books3' retrieved from /opt/airflow/dags/dag.py
[2024-11-19T15:28:21.282+0000] {logging_mixin.py:190} INFO - [2024-11-19T15:28:21.280+0000] {dag.py:3239} INFO - Sync 1 DAGs
[2024-11-19T15:28:21.449+0000] {logging_mixin.py:190} INFO - [2024-11-19T15:28:21.446+0000] {dag.py:4180} INFO - Setting next_dagrun for fetch_and_store_amazon_books3 to 2024-11-19 00:00:00+00:00, run_after=2024-11-20 00:00:00+00:00
[2024-11-19T15:28:21.645+0000] {processor.py:208} INFO - Processing /opt/airflow/dags/dag.py took 1.866 seconds
[2024-11-19T15:29:00.471+0000] {processor.py:186} INFO - Started process (PID=558) to work on /opt/airflow/dags/dag.py
[2024-11-19T15:29:00.490+0000] {processor.py:914} INFO - Processing file /opt/airflow/dags/dag.py for tasks to queue
[2024-11-19T15:29:00.502+0000] {logging_mixin.py:190} INFO - [2024-11-19T15:29:00.497+0000] {dagbag.py:588} INFO - Filling up the DagBag from /opt/airflow/dags/dag.py
[2024-11-19T15:29:01.656+0000] {processor.py:925} INFO - DAG(s) 'fetch_and_store_amazon_books3' retrieved from /opt/airflow/dags/dag.py
[2024-11-19T15:29:01.754+0000] {logging_mixin.py:190} INFO - [2024-11-19T15:29:01.753+0000] {dag.py:3239} INFO - Sync 1 DAGs
[2024-11-19T15:29:01.933+0000] {logging_mixin.py:190} INFO - [2024-11-19T15:29:01.932+0000] {dag.py:4180} INFO - Setting next_dagrun for fetch_and_store_amazon_books3 to 2024-11-19 00:00:00+00:00, run_after=2024-11-20 00:00:00+00:00
[2024-11-19T15:29:02.103+0000] {processor.py:208} INFO - Processing /opt/airflow/dags/dag.py took 1.648 seconds
[2024-11-19T15:29:36.739+0000] {processor.py:186} INFO - Started process (PID=597) to work on /opt/airflow/dags/dag.py
[2024-11-19T15:29:36.745+0000] {processor.py:914} INFO - Processing file /opt/airflow/dags/dag.py for tasks to queue
[2024-11-19T15:29:36.754+0000] {logging_mixin.py:190} INFO - [2024-11-19T15:29:36.751+0000] {dagbag.py:588} INFO - Filling up the DagBag from /opt/airflow/dags/dag.py
[2024-11-19T15:29:37.995+0000] {processor.py:925} INFO - DAG(s) 'fetch_and_store_amazon_books3' retrieved from /opt/airflow/dags/dag.py
[2024-11-19T15:29:38.557+0000] {logging_mixin.py:190} INFO - [2024-11-19T15:29:38.542+0000] {dag.py:3239} INFO - Sync 1 DAGs
[2024-11-19T15:29:39.742+0000] {logging_mixin.py:190} INFO - [2024-11-19T15:29:39.738+0000] {dag.py:4180} INFO - Setting next_dagrun for fetch_and_store_amazon_books3 to 2024-11-19 00:00:00+00:00, run_after=2024-11-20 00:00:00+00:00
[2024-11-19T15:29:40.187+0000] {processor.py:208} INFO - Processing /opt/airflow/dags/dag.py took 3.476 seconds
[2024-11-19T15:30:43.003+0000] {processor.py:186} INFO - Started process (PID=640) to work on /opt/airflow/dags/dag.py
[2024-11-19T15:30:43.008+0000] {processor.py:914} INFO - Processing file /opt/airflow/dags/dag.py for tasks to queue
[2024-11-19T15:30:43.030+0000] {logging_mixin.py:190} INFO - [2024-11-19T15:30:43.025+0000] {dagbag.py:588} INFO - Filling up the DagBag from /opt/airflow/dags/dag.py
[2024-11-19T15:30:47.038+0000] {processor.py:925} INFO - DAG(s) 'fetch_and_store_amazon_books3' retrieved from /opt/airflow/dags/dag.py
[2024-11-19T15:30:49.837+0000] {logging_mixin.py:190} INFO - [2024-11-19T15:30:49.480+0000] {dag.py:3239} INFO - Sync 1 DAGs
[2024-11-19T15:30:51.823+0000] {logging_mixin.py:190} INFO - [2024-11-19T15:30:51.597+0000] {dag.py:4180} INFO - Setting next_dagrun for fetch_and_store_amazon_books3 to 2024-11-19 00:00:00+00:00, run_after=2024-11-20 00:00:00+00:00
[2024-11-19T15:30:52.590+0000] {processor.py:208} INFO - Processing /opt/airflow/dags/dag.py took 9.618 seconds
[2024-11-19T15:32:34.383+0000] {processor.py:186} INFO - Started process (PID=685) to work on /opt/airflow/dags/dag.py
[2024-11-19T15:32:34.390+0000] {processor.py:914} INFO - Processing file /opt/airflow/dags/dag.py for tasks to queue
[2024-11-19T15:32:34.409+0000] {logging_mixin.py:190} INFO - [2024-11-19T15:32:34.406+0000] {dagbag.py:588} INFO - Filling up the DagBag from /opt/airflow/dags/dag.py
[2024-11-19T15:32:34.994+0000] {processor.py:925} INFO - DAG(s) 'fetch_and_store_amazon_books3' retrieved from /opt/airflow/dags/dag.py
[2024-11-19T15:32:35.127+0000] {logging_mixin.py:190} INFO - [2024-11-19T15:32:35.125+0000] {dag.py:3239} INFO - Sync 1 DAGs
[2024-11-19T15:32:35.205+0000] {logging_mixin.py:190} INFO - [2024-11-19T15:32:35.204+0000] {dag.py:4180} INFO - Setting next_dagrun for fetch_and_store_amazon_books3 to 2024-11-19 00:00:00+00:00, run_after=2024-11-20 00:00:00+00:00
[2024-11-19T15:32:35.373+0000] {processor.py:208} INFO - Processing /opt/airflow/dags/dag.py took 1.002 seconds
[2024-11-19T15:33:12.627+0000] {processor.py:186} INFO - Started process (PID=746) to work on /opt/airflow/dags/dag.py
[2024-11-19T15:33:12.630+0000] {processor.py:914} INFO - Processing file /opt/airflow/dags/dag.py for tasks to queue
[2024-11-19T15:33:12.635+0000] {logging_mixin.py:190} INFO - [2024-11-19T15:33:12.633+0000] {dagbag.py:588} INFO - Filling up the DagBag from /opt/airflow/dags/dag.py
[2024-11-19T15:33:13.137+0000] {processor.py:925} INFO - DAG(s) 'fetch_and_store_amazon_books3' retrieved from /opt/airflow/dags/dag.py
[2024-11-19T15:33:13.284+0000] {logging_mixin.py:190} INFO - [2024-11-19T15:33:13.277+0000] {dag.py:3239} INFO - Sync 1 DAGs
[2024-11-19T15:33:13.444+0000] {logging_mixin.py:190} INFO - [2024-11-19T15:33:13.442+0000] {dag.py:4180} INFO - Setting next_dagrun for fetch_and_store_amazon_books3 to 2024-11-19 00:00:00+00:00, run_after=2024-11-20 00:00:00+00:00
[2024-11-19T15:33:13.558+0000] {processor.py:208} INFO - Processing /opt/airflow/dags/dag.py took 0.946 seconds
[2024-11-19T15:33:47.524+0000] {processor.py:186} INFO - Started process (PID=803) to work on /opt/airflow/dags/dag.py
[2024-11-19T15:33:47.564+0000] {processor.py:914} INFO - Processing file /opt/airflow/dags/dag.py for tasks to queue
[2024-11-19T15:33:47.594+0000] {logging_mixin.py:190} INFO - [2024-11-19T15:33:47.569+0000] {dagbag.py:588} INFO - Filling up the DagBag from /opt/airflow/dags/dag.py
[2024-11-19T15:33:48.096+0000] {processor.py:925} INFO - DAG(s) 'fetch_and_store_amazon_books3' retrieved from /opt/airflow/dags/dag.py
[2024-11-19T15:33:48.289+0000] {logging_mixin.py:190} INFO - [2024-11-19T15:33:48.288+0000] {dag.py:3239} INFO - Sync 1 DAGs
[2024-11-19T15:33:48.385+0000] {logging_mixin.py:190} INFO - [2024-11-19T15:33:48.384+0000] {dag.py:4180} INFO - Setting next_dagrun for fetch_and_store_amazon_books3 to 2024-11-19 00:00:00+00:00, run_after=2024-11-20 00:00:00+00:00
[2024-11-19T15:33:48.532+0000] {processor.py:208} INFO - Processing /opt/airflow/dags/dag.py took 1.124 seconds
[2024-11-19T15:34:26.912+0000] {processor.py:186} INFO - Started process (PID=859) to work on /opt/airflow/dags/dag.py
[2024-11-19T15:34:26.915+0000] {processor.py:914} INFO - Processing file /opt/airflow/dags/dag.py for tasks to queue
[2024-11-19T15:34:26.925+0000] {logging_mixin.py:190} INFO - [2024-11-19T15:34:26.924+0000] {dagbag.py:588} INFO - Filling up the DagBag from /opt/airflow/dags/dag.py
[2024-11-19T15:34:27.382+0000] {processor.py:925} INFO - DAG(s) 'fetch_and_store_amazon_books3' retrieved from /opt/airflow/dags/dag.py
[2024-11-19T15:34:27.547+0000] {logging_mixin.py:190} INFO - [2024-11-19T15:34:27.541+0000] {dag.py:3239} INFO - Sync 1 DAGs
[2024-11-19T15:34:27.670+0000] {logging_mixin.py:190} INFO - [2024-11-19T15:34:27.669+0000] {dag.py:4180} INFO - Setting next_dagrun for fetch_and_store_amazon_books3 to 2024-11-19 00:00:00+00:00, run_after=2024-11-20 00:00:00+00:00
[2024-11-19T15:34:27.815+0000] {processor.py:208} INFO - Processing /opt/airflow/dags/dag.py took 0.916 seconds
[2024-11-19T15:35:01.474+0000] {processor.py:186} INFO - Started process (PID=915) to work on /opt/airflow/dags/dag.py
[2024-11-19T15:35:01.489+0000] {processor.py:914} INFO - Processing file /opt/airflow/dags/dag.py for tasks to queue
[2024-11-19T15:35:01.499+0000] {logging_mixin.py:190} INFO - [2024-11-19T15:35:01.498+0000] {dagbag.py:588} INFO - Filling up the DagBag from /opt/airflow/dags/dag.py
[2024-11-19T15:35:02.266+0000] {processor.py:925} INFO - DAG(s) 'fetch_and_store_amazon_books3' retrieved from /opt/airflow/dags/dag.py
[2024-11-19T15:35:02.474+0000] {logging_mixin.py:190} INFO - [2024-11-19T15:35:02.470+0000] {dag.py:3239} INFO - Sync 1 DAGs
[2024-11-19T15:35:02.745+0000] {logging_mixin.py:190} INFO - [2024-11-19T15:35:02.742+0000] {dag.py:4180} INFO - Setting next_dagrun for fetch_and_store_amazon_books3 to 2024-11-19 00:00:00+00:00, run_after=2024-11-20 00:00:00+00:00
[2024-11-19T15:35:03.224+0000] {processor.py:208} INFO - Processing /opt/airflow/dags/dag.py took 1.800 seconds
